{"/Users/olo/ViveCheck/app/screens/Checklist/CategoryCheckScreen.tsx": {"path":"/Users/olo/ViveCheck/app/screens/Checklist/CategoryCheckScreen.tsx","statementMap":{"0":{"start":{"line":7,"column":23},"end":{"line":13,"column":1}},"1":{"start":{"line":9,"column":4},"end":{"line":11,"column":16}},"2":{"start":{"line":9,"column":60},"end":{"line":9,"column":77}},"3":{"start":{"line":16,"column":17},"end":{"line":16,"column":28}},"4":{"start":{"line":17,"column":17},"end":{"line":17,"column":39}},"5":{"start":{"line":18,"column":22},"end":{"line":18,"column":62}},"6":{"start":{"line":19,"column":19},"end":{"line":19,"column":45}},"7":{"start":{"line":20,"column":19},"end":{"line":20,"column":45}},"8":{"start":{"line":21,"column":31},"end":{"line":32,"column":3}},"9":{"start":{"line":23,"column":4},"end":{"line":31,"column":7}},"10":{"start":{"line":34,"column":2},"end":{"line":44,"column":4}},"11":{"start":{"line":39,"column":32},"end":{"line":39,"column":42}},"12":{"start":{"line":40,"column":34},"end":{"line":40,"column":95}},"13":{"start":{"line":47,"column":15},"end":{"line":75,"column":2}}},"fnMap":{"0":{"name":"(anonymous_0)","decl":{"start":{"line":8,"column":2},"end":{"line":8,"column":3}},"loc":{"start":{"line":9,"column":4},"end":{"line":11,"column":16}},"line":9},"1":{"name":"(anonymous_1)","decl":{"start":{"line":9,"column":54},"end":{"line":9,"column":55}},"loc":{"start":{"line":9,"column":60},"end":{"line":9,"column":77}},"line":9},"2":{"name":"CategoryCheckScreen","decl":{"start":{"line":15,"column":24},"end":{"line":15,"column":43}},"loc":{"start":{"line":15,"column":46},"end":{"line":45,"column":1}},"line":15},"3":{"name":"(anonymous_3)","decl":{"start":{"line":21,"column":31},"end":{"line":21,"column":32}},"loc":{"start":{"line":21,"column":55},"end":{"line":32,"column":3}},"line":21},"4":{"name":"(anonymous_4)","decl":{"start":{"line":39,"column":22},"end":{"line":39,"column":23}},"loc":{"start":{"line":39,"column":32},"end":{"line":39,"column":42}},"line":39},"5":{"name":"(anonymous_5)","decl":{"start":{"line":40,"column":20},"end":{"line":40,"column":21}},"loc":{"start":{"line":40,"column":34},"end":{"line":40,"column":95}},"line":40}},"branchMap":{"0":{"loc":{"start":{"line":28,"column":18},"end":{"line":28,"column":47}},"type":"cond-expr","locations":[{"start":{"line":28,"column":29},"end":{"line":28,"column":35}},{"start":{"line":28,"column":38},"end":{"line":28,"column":47}}],"line":28},"1":{"loc":{"start":{"line":29,"column":18},"end":{"line":29,"column":47}},"type":"cond-expr","locations":[{"start":{"line":29,"column":29},"end":{"line":29,"column":35}},{"start":{"line":29,"column":38},"end":{"line":29,"column":47}}],"line":29}},"s":{"0":1,"1":42,"2":1,"3":6,"4":6,"5":6,"6":6,"7":6,"8":6,"9":1,"10":6,"11":48,"12":42,"13":1},"f":{"0":42,"1":1,"2":6,"3":1,"4":48,"5":42},"b":{"0":[0,1],"1":[0,1]},"_coverageSchema":"1a1c01bbd47fc00a2c39e90264f33305004495a9","hash":"ce23bed4e5497ba560f53fe43e2346c59000c8b1"}
,"/Users/olo/ViveCheck/src/context/appReducer.ts": {"path":"/Users/olo/ViveCheck/src/context/appReducer.ts","statementMap":{"0":{"start":{"line":12,"column":35},"end":{"line":14,"column":1}},"1":{"start":{"line":17,"column":2},"end":{"line":25,"column":3}},"2":{"start":{"line":19,"column":6},"end":{"line":22,"column":8}},"3":{"start":{"line":24,"column":6},"end":{"line":24,"column":19}}},"fnMap":{"0":{"name":"appReducer","decl":{"start":{"line":16,"column":24},"end":{"line":16,"column":34}},"loc":{"start":{"line":16,"column":87},"end":{"line":26,"column":1}},"line":16}},"branchMap":{"0":{"loc":{"start":{"line":16,"column":35},"end":{"line":16,"column":62}},"type":"default-arg","locations":[{"start":{"line":16,"column":50},"end":{"line":16,"column":62}}],"line":16},"1":{"loc":{"start":{"line":17,"column":2},"end":{"line":25,"column":3}},"type":"switch","locations":[{"start":{"line":18,"column":4},"end":{"line":22,"column":8}},{"start":{"line":23,"column":4},"end":{"line":24,"column":19}}],"line":17}},"s":{"0":1,"1":6,"2":5,"3":1},"f":{"0":6},"b":{"0":[0],"1":[5,1]},"_coverageSchema":"1a1c01bbd47fc00a2c39e90264f33305004495a9","hash":"fc6f14caea7fdbff144e188089d90d62731c9b78"}
,"/Users/olo/ViveCheck/src/data/categories.ts": {"path":"/Users/olo/ViveCheck/src/data/categories.ts","statementMap":{"0":{"start":{"line":8,"column":45},"end":{"line":275,"column":1}},"1":{"start":{"line":277,"column":34},"end":{"line":278,"column":54}},"2":{"start":{"line":278,"column":2},"end":{"line":278,"column":54}},"3":{"start":{"line":278,"column":34},"end":{"line":278,"column":53}}},"fnMap":{"0":{"name":"(anonymous_0)","decl":{"start":{"line":277,"column":34},"end":{"line":277,"column":35}},"loc":{"start":{"line":278,"column":2},"end":{"line":278,"column":54}},"line":278},"1":{"name":"(anonymous_1)","decl":{"start":{"line":278,"column":25},"end":{"line":278,"column":26}},"loc":{"start":{"line":278,"column":34},"end":{"line":278,"column":53}},"line":278}},"branchMap":{},"s":{"0":1,"1":1,"2":0,"3":0},"f":{"0":0,"1":0},"b":{},"_coverageSchema":"1a1c01bbd47fc00a2c39e90264f33305004495a9","hash":"bbb296d5bfa1b14be9f67f2db542c380eb837422"}
,"/Users/olo/ViveCheck/src/storage/fileHelpers.ts": {"path":"/Users/olo/ViveCheck/src/storage/fileHelpers.ts","statementMap":{"0":{"start":{"line":7,"column":18},"end":{"line":7,"column":58}},"1":{"start":{"line":14,"column":2},"end":{"line":54,"column":3}},"2":{"start":{"line":16,"column":20},"end":{"line":16,"column":60}},"3":{"start":{"line":17,"column":4},"end":{"line":19,"column":5}},"4":{"start":{"line":18,"column":6},"end":{"line":18,"column":78}},"5":{"start":{"line":22,"column":20},"end":{"line":22,"column":59}},"6":{"start":{"line":23,"column":16},"end":{"line":23,"column":87}},"7":{"start":{"line":25,"column":21},"end":{"line":25,"column":84}},"8":{"start":{"line":26,"column":20},"end":{"line":26,"column":40}},"9":{"start":{"line":29,"column":4},"end":{"line":29,"column":62}},"10":{"start":{"line":32,"column":20},"end":{"line":32,"column":54}},"11":{"start":{"line":33,"column":4},"end":{"line":36,"column":5}},"12":{"start":{"line":34,"column":6},"end":{"line":34,"column":56}},"13":{"start":{"line":35,"column":6},"end":{"line":35,"column":18}},"14":{"start":{"line":39,"column":4},"end":{"line":42,"column":7}},"15":{"start":{"line":46,"column":20},"end":{"line":46,"column":27}},"16":{"start":{"line":47,"column":4},"end":{"line":49,"column":5}},"17":{"start":{"line":48,"column":6},"end":{"line":48,"column":40}},"18":{"start":{"line":50,"column":4},"end":{"line":50,"column":21}},"19":{"start":{"line":52,"column":4},"end":{"line":52,"column":72}},"20":{"start":{"line":53,"column":4},"end":{"line":53,"column":75}}},"fnMap":{"0":{"name":"savePhotoToAppDirectory","decl":{"start":{"line":13,"column":22},"end":{"line":13,"column":45}},"loc":{"start":{"line":13,"column":83},"end":{"line":55,"column":1}},"line":13}},"branchMap":{"0":{"loc":{"start":{"line":17,"column":4},"end":{"line":19,"column":5}},"type":"if","locations":[{"start":{"line":17,"column":4},"end":{"line":19,"column":5}},{"start":{},"end":{}}],"line":17},"1":{"loc":{"start":{"line":22,"column":20},"end":{"line":22,"column":59}},"type":"binary-expr","locations":[{"start":{"line":22,"column":20},"end":{"line":22,"column":40}},{"start":{"line":22,"column":44},"end":{"line":22,"column":59}}],"line":22},"2":{"loc":{"start":{"line":23,"column":16},"end":{"line":23,"column":87}},"type":"binary-expr","locations":[{"start":{"line":23,"column":17},"end":{"line":23,"column":24}},{"start":{"line":23,"column":28},"end":{"line":23,"column":49}},{"start":{"line":23,"column":53},"end":{"line":23,"column":77}},{"start":{"line":23,"column":82},"end":{"line":23,"column":87}}],"line":23},"3":{"loc":{"start":{"line":33,"column":4},"end":{"line":36,"column":5}},"type":"if","locations":[{"start":{"line":33,"column":4},"end":{"line":36,"column":5}},{"start":{},"end":{}}],"line":33},"4":{"loc":{"start":{"line":47,"column":4},"end":{"line":49,"column":5}},"type":"if","locations":[{"start":{"line":47,"column":4},"end":{"line":49,"column":5}},{"start":{},"end":{}}],"line":47}},"s":{"0":1,"1":7,"2":7,"3":7,"4":0,"5":7,"6":7,"7":7,"8":7,"9":7,"10":7,"11":7,"12":0,"13":0,"14":7,"15":7,"16":7,"17":7,"18":7,"19":0,"20":0},"f":{"0":7},"b":{"0":[0,7],"1":[7,0],"2":[7,7,7,0],"3":[0,7],"4":[7,0]},"_coverageSchema":"1a1c01bbd47fc00a2c39e90264f33305004495a9","hash":"052e06d3b9e7a0481036424b11251c783f4e3774"}
}
