{"/Users/olo/ViveCheck/app/screens/Checklist/CategoryCheckScreen.tsx": {"path":"/Users/olo/ViveCheck/app/screens/Checklist/CategoryCheckScreen.tsx","statementMap":{"0":{"start":{"line":7,"column":23},"end":{"line":13,"column":1}},"1":{"start":{"line":9,"column":4},"end":{"line":11,"column":16}},"2":{"start":{"line":9,"column":60},"end":{"line":9,"column":77}},"3":{"start":{"line":16,"column":17},"end":{"line":16,"column":28}},"4":{"start":{"line":17,"column":17},"end":{"line":17,"column":39}},"5":{"start":{"line":18,"column":22},"end":{"line":18,"column":62}},"6":{"start":{"line":19,"column":19},"end":{"line":19,"column":45}},"7":{"start":{"line":20,"column":19},"end":{"line":20,"column":45}},"8":{"start":{"line":21,"column":31},"end":{"line":32,"column":3}},"9":{"start":{"line":23,"column":4},"end":{"line":31,"column":7}},"10":{"start":{"line":34,"column":2},"end":{"line":44,"column":4}},"11":{"start":{"line":39,"column":32},"end":{"line":39,"column":42}},"12":{"start":{"line":40,"column":34},"end":{"line":40,"column":95}},"13":{"start":{"line":47,"column":15},"end":{"line":75,"column":2}}},"fnMap":{"0":{"name":"(anonymous_0)","decl":{"start":{"line":8,"column":2},"end":{"line":8,"column":3}},"loc":{"start":{"line":9,"column":4},"end":{"line":11,"column":16}},"line":9},"1":{"name":"(anonymous_1)","decl":{"start":{"line":9,"column":54},"end":{"line":9,"column":55}},"loc":{"start":{"line":9,"column":60},"end":{"line":9,"column":77}},"line":9},"2":{"name":"CategoryCheckScreen","decl":{"start":{"line":15,"column":24},"end":{"line":15,"column":43}},"loc":{"start":{"line":15,"column":46},"end":{"line":45,"column":1}},"line":15},"3":{"name":"(anonymous_3)","decl":{"start":{"line":21,"column":31},"end":{"line":21,"column":32}},"loc":{"start":{"line":21,"column":55},"end":{"line":32,"column":3}},"line":21},"4":{"name":"(anonymous_4)","decl":{"start":{"line":39,"column":22},"end":{"line":39,"column":23}},"loc":{"start":{"line":39,"column":32},"end":{"line":39,"column":42}},"line":39},"5":{"name":"(anonymous_5)","decl":{"start":{"line":40,"column":20},"end":{"line":40,"column":21}},"loc":{"start":{"line":40,"column":34},"end":{"line":40,"column":95}},"line":40}},"branchMap":{"0":{"loc":{"start":{"line":28,"column":18},"end":{"line":28,"column":47}},"type":"cond-expr","locations":[{"start":{"line":28,"column":29},"end":{"line":28,"column":35}},{"start":{"line":28,"column":38},"end":{"line":28,"column":47}}],"line":28},"1":{"loc":{"start":{"line":29,"column":18},"end":{"line":29,"column":47}},"type":"cond-expr","locations":[{"start":{"line":29,"column":29},"end":{"line":29,"column":35}},{"start":{"line":29,"column":38},"end":{"line":29,"column":47}}],"line":29}},"s":{"0":1,"1":56,"2":1,"3":8,"4":8,"5":8,"6":8,"7":8,"8":8,"9":1,"10":8,"11":64,"12":56,"13":1},"f":{"0":56,"1":1,"2":8,"3":1,"4":64,"5":56},"b":{"0":[0,1],"1":[0,1]},"_coverageSchema":"1a1c01bbd47fc00a2c39e90264f33305004495a9","hash":"ce23bed4e5497ba560f53fe43e2346c59000c8b1"}
,"/Users/olo/ViveCheck/app/screens/Checklist/ChecklistDetailsScreen.tsx": {"path":"/Users/olo/ViveCheck/app/screens/Checklist/ChecklistDetailsScreen.tsx","statementMap":{"0":{"start":{"line":12,"column":17},"end":{"line":12,"column":39}},"1":{"start":{"line":13,"column":17},"end":{"line":13,"column":28}},"2":{"start":{"line":14,"column":36},"end":{"line":14,"column":68}},"3":{"start":{"line":16,"column":2},"end":{"line":39,"column":11}},"4":{"start":{"line":18,"column":4},"end":{"line":33,"column":7}},"5":{"start":{"line":19,"column":6},"end":{"line":19,"column":31}},"6":{"start":{"line":20,"column":23},"end":{"line":20,"column":89}},"7":{"start":{"line":21,"column":6},"end":{"line":32,"column":7}},"8":{"start":{"line":23,"column":23},"end":{"line":25,"column":9}},"9":{"start":{"line":26,"column":8},"end":{"line":29,"column":11}},"10":{"start":{"line":31,"column":8},"end":{"line":31,"column":27}},"11":{"start":{"line":34,"column":4},"end":{"line":38,"column":6}},"12":{"start":{"line":35,"column":6},"end":{"line":37,"column":7}},"13":{"start":{"line":36,"column":8},"end":{"line":36,"column":30}},"14":{"start":{"line":41,"column":2},"end":{"line":47,"column":3}},"15":{"start":{"line":42,"column":4},"end":{"line":46,"column":6}},"16":{"start":{"line":49,"column":2},"end":{"line":192,"column":4}},"17":{"start":{"line":81,"column":14},"end":{"line":86,"column":15}},"18":{"start":{"line":82,"column":16},"end":{"line":85,"column":19}},"19":{"start":{"line":97,"column":14},"end":{"line":102,"column":15}},"20":{"start":{"line":98,"column":16},"end":{"line":101,"column":19}},"21":{"start":{"line":113,"column":12},"end":{"line":185,"column":13}},"22":{"start":{"line":115,"column":14},"end":{"line":115,"column":47}},"23":{"start":{"line":116,"column":28},"end":{"line":116,"column":88}},"24":{"start":{"line":117,"column":14},"end":{"line":120,"column":15}},"25":{"start":{"line":118,"column":16},"end":{"line":118,"column":65}},"26":{"start":{"line":119,"column":16},"end":{"line":119,"column":23}},"27":{"start":{"line":121,"column":31},"end":{"line":123,"column":60}},"28":{"start":{"line":124,"column":28},"end":{"line":128,"column":15}},"29":{"start":{"line":129,"column":14},"end":{"line":129,"column":52}},"30":{"start":{"line":131,"column":38},"end":{"line":156,"column":15}},"31":{"start":{"line":133,"column":49},"end":{"line":133,"column":51}},"32":{"start":{"line":134,"column":36},"end":{"line":134,"column":56}},"33":{"start":{"line":135,"column":18},"end":{"line":153,"column":19}},"34":{"start":{"line":136,"column":20},"end":{"line":150,"column":21}},"35":{"start":{"line":137,"column":22},"end":{"line":149,"column":23}},"36":{"start":{"line":138,"column":37},"end":{"line":138,"column":71}},"37":{"start":{"line":139,"column":24},"end":{"line":139,"column":78}},"38":{"start":{"line":140,"column":24},"end":{"line":146,"column":25}},"39":{"start":{"line":141,"column":41},"end":{"line":143,"column":28}},"40":{"start":{"line":144,"column":26},"end":{"line":144,"column":82}},"41":{"start":{"line":145,"column":26},"end":{"line":145,"column":89}},"42":{"start":{"line":148,"column":24},"end":{"line":148,"column":60}},"43":{"start":{"line":152,"column":20},"end":{"line":152,"column":86}},"44":{"start":{"line":154,"column":18},"end":{"line":154,"column":53}},"45":{"start":{"line":158,"column":30},"end":{"line":166,"column":15}},"46":{"start":{"line":160,"column":30},"end":{"line":160,"column":53}},"47":{"start":{"line":161,"column":18},"end":{"line":161,"column":47}},"48":{"start":{"line":161,"column":33},"end":{"line":161,"column":47}},"49":{"start":{"line":162,"column":18},"end":{"line":162,"column":38}},"50":{"start":{"line":163,"column":18},"end":{"line":163,"column":29}},"51":{"start":{"line":168,"column":27},"end":{"line":168,"column":68}},"52":{"start":{"line":169,"column":26},"end":{"line":173,"column":16}},"53":{"start":{"line":174,"column":29},"end":{"line":174,"column":41}},"54":{"start":{"line":175,"column":14},"end":{"line":177,"column":15}},"55":{"start":{"line":176,"column":16},"end":{"line":176,"column":48}},"56":{"start":{"line":178,"column":14},"end":{"line":182,"column":15}},"57":{"start":{"line":179,"column":16},"end":{"line":179,"column":51}},"58":{"start":{"line":181,"column":16},"end":{"line":181,"column":85}},"59":{"start":{"line":184,"column":14},"end":{"line":184,"column":49}},"60":{"start":{"line":195,"column":15},"end":{"line":239,"column":2}}},"fnMap":{"0":{"name":"ChecklistDetailsScreen","decl":{"start":{"line":11,"column":24},"end":{"line":11,"column":46}},"loc":{"start":{"line":11,"column":49},"end":{"line":193,"column":1}},"line":11},"1":{"name":"(anonymous_1)","decl":{"start":{"line":16,"column":12},"end":{"line":16,"column":13}},"loc":{"start":{"line":16,"column":18},"end":{"line":39,"column":3}},"line":16},"2":{"name":"(anonymous_2)","decl":{"start":{"line":18,"column":20},"end":{"line":18,"column":21}},"loc":{"start":{"line":18,"column":34},"end":{"line":33,"column":5}},"line":18},"3":{"name":"(anonymous_3)","decl":{"start":{"line":34,"column":11},"end":{"line":34,"column":12}},"loc":{"start":{"line":34,"column":17},"end":{"line":38,"column":5}},"line":34},"4":{"name":"(anonymous_4)","decl":{"start":{"line":79,"column":21},"end":{"line":79,"column":22}},"loc":{"start":{"line":79,"column":27},"end":{"line":87,"column":13}},"line":79},"5":{"name":"(anonymous_5)","decl":{"start":{"line":95,"column":21},"end":{"line":95,"column":22}},"loc":{"start":{"line":95,"column":27},"end":{"line":103,"column":13}},"line":95},"6":{"name":"(anonymous_6)","decl":{"start":{"line":112,"column":19},"end":{"line":112,"column":20}},"loc":{"start":{"line":112,"column":31},"end":{"line":186,"column":11}},"line":112},"7":{"name":"(anonymous_7)","decl":{"start":{"line":132,"column":26},"end":{"line":132,"column":27}},"loc":{"start":{"line":132,"column":75},"end":{"line":155,"column":17}},"line":132},"8":{"name":"(anonymous_8)","decl":{"start":{"line":159,"column":16},"end":{"line":159,"column":17}},"loc":{"start":{"line":159,"column":31},"end":{"line":164,"column":17}},"line":159}},"branchMap":{"0":{"loc":{"start":{"line":21,"column":6},"end":{"line":32,"column":7}},"type":"if","locations":[{"start":{"line":21,"column":6},"end":{"line":32,"column":7}},{"start":{"line":30,"column":13},"end":{"line":32,"column":7}}],"line":21},"1":{"loc":{"start":{"line":35,"column":6},"end":{"line":37,"column":7}},"type":"if","locations":[{"start":{"line":35,"column":6},"end":{"line":37,"column":7}},{"start":{},"end":{}}],"line":35},"2":{"loc":{"start":{"line":35,"column":10},"end":{"line":35,"column":50}},"type":"binary-expr","locations":[{"start":{"line":35,"column":10},"end":{"line":35,"column":23}},{"start":{"line":35,"column":27},"end":{"line":35,"column":50}}],"line":35},"3":{"loc":{"start":{"line":41,"column":2},"end":{"line":47,"column":3}},"type":"if","locations":[{"start":{"line":41,"column":2},"end":{"line":47,"column":3}},{"start":{},"end":{}}],"line":41},"4":{"loc":{"start":{"line":55,"column":34},"end":{"line":55,"column":55}},"type":"binary-expr","locations":[{"start":{"line":55,"column":34},"end":{"line":55,"column":48}},{"start":{"line":55,"column":52},"end":{"line":55,"column":55}}],"line":55},"5":{"loc":{"start":{"line":61,"column":34},"end":{"line":61,"column":53}},"type":"binary-expr","locations":[{"start":{"line":61,"column":34},"end":{"line":61,"column":46}},{"start":{"line":61,"column":50},"end":{"line":61,"column":53}}],"line":61},"6":{"loc":{"start":{"line":63,"column":34},"end":{"line":63,"column":67}},"type":"binary-expr","locations":[{"start":{"line":63,"column":34},"end":{"line":63,"column":60}},{"start":{"line":63,"column":64},"end":{"line":63,"column":67}}],"line":63},"7":{"loc":{"start":{"line":65,"column":34},"end":{"line":65,"column":69}},"type":"binary-expr","locations":[{"start":{"line":65,"column":34},"end":{"line":65,"column":62}},{"start":{"line":65,"column":66},"end":{"line":65,"column":69}}],"line":65},"8":{"loc":{"start":{"line":67,"column":34},"end":{"line":67,"column":73}},"type":"binary-expr","locations":[{"start":{"line":67,"column":34},"end":{"line":67,"column":66}},{"start":{"line":67,"column":70},"end":{"line":67,"column":73}}],"line":67},"9":{"loc":{"start":{"line":69,"column":34},"end":{"line":69,"column":68}},"type":"binary-expr","locations":[{"start":{"line":69,"column":34},"end":{"line":69,"column":61}},{"start":{"line":69,"column":65},"end":{"line":69,"column":68}}],"line":69},"10":{"loc":{"start":{"line":72,"column":9},"end":{"line":72,"column":83}},"type":"cond-expr","locations":[{"start":{"line":72,"column":31},"end":{"line":72,"column":77}},{"start":{"line":72,"column":80},"end":{"line":72,"column":83}}],"line":72},"11":{"loc":{"start":{"line":81,"column":14},"end":{"line":86,"column":15}},"type":"if","locations":[{"start":{"line":81,"column":14},"end":{"line":86,"column":15}},{"start":{},"end":{}}],"line":81},"12":{"loc":{"start":{"line":97,"column":14},"end":{"line":102,"column":15}},"type":"if","locations":[{"start":{"line":97,"column":14},"end":{"line":102,"column":15}},{"start":{},"end":{}}],"line":97},"13":{"loc":{"start":{"line":117,"column":14},"end":{"line":120,"column":15}},"type":"if","locations":[{"start":{"line":117,"column":14},"end":{"line":120,"column":15}},{"start":{},"end":{}}],"line":117},"14":{"loc":{"start":{"line":134,"column":36},"end":{"line":134,"column":56}},"type":"binary-expr","locations":[{"start":{"line":134,"column":36},"end":{"line":134,"column":50}},{"start":{"line":134,"column":54},"end":{"line":134,"column":56}}],"line":134},"15":{"loc":{"start":{"line":135,"column":18},"end":{"line":153,"column":19}},"type":"if","locations":[{"start":{"line":135,"column":18},"end":{"line":153,"column":19}},{"start":{"line":151,"column":25},"end":{"line":153,"column":19}}],"line":135},"16":{"loc":{"start":{"line":140,"column":24},"end":{"line":146,"column":25}},"type":"if","locations":[{"start":{"line":140,"column":24},"end":{"line":146,"column":25}},{"start":{},"end":{}}],"line":140},"17":{"loc":{"start":{"line":152,"column":63},"end":{"line":152,"column":84}},"type":"binary-expr","locations":[{"start":{"line":152,"column":63},"end":{"line":152,"column":73}},{"start":{"line":152,"column":77},"end":{"line":152,"column":84}}],"line":152},"18":{"loc":{"start":{"line":160,"column":30},"end":{"line":160,"column":53}},"type":"binary-expr","locations":[{"start":{"line":160,"column":30},"end":{"line":160,"column":43}},{"start":{"line":160,"column":47},"end":{"line":160,"column":53}}],"line":160},"19":{"loc":{"start":{"line":161,"column":18},"end":{"line":161,"column":47}},"type":"if","locations":[{"start":{"line":161,"column":18},"end":{"line":161,"column":47}},{"start":{},"end":{}}],"line":161},"20":{"loc":{"start":{"line":175,"column":14},"end":{"line":177,"column":15}},"type":"if","locations":[{"start":{"line":175,"column":14},"end":{"line":177,"column":15}},{"start":{},"end":{}}],"line":175},"21":{"loc":{"start":{"line":175,"column":18},"end":{"line":175,"column":61}},"type":"binary-expr","locations":[{"start":{"line":175,"column":18},"end":{"line":175,"column":26}},{"start":{"line":175,"column":30},"end":{"line":175,"column":61}}],"line":175},"22":{"loc":{"start":{"line":178,"column":14},"end":{"line":182,"column":15}},"type":"if","locations":[{"start":{"line":178,"column":14},"end":{"line":182,"column":15}},{"start":{"line":180,"column":21},"end":{"line":182,"column":15}}],"line":178},"23":{"loc":{"start":{"line":178,"column":18},"end":{"line":178,"column":64}},"type":"binary-expr","locations":[{"start":{"line":178,"column":18},"end":{"line":178,"column":26}},{"start":{"line":178,"column":31},"end":{"line":178,"column":63}}],"line":178}},"s":{"0":4,"1":4,"2":4,"3":4,"4":2,"5":2,"6":2,"7":2,"8":2,"9":2,"10":0,"11":2,"12":2,"13":2,"14":4,"15":2,"16":2,"17":0,"18":0,"19":1,"20":1,"21":1,"22":1,"23":1,"24":1,"25":0,"26":0,"27":1,"28":1,"29":1,"30":1,"31":1,"32":1,"33":1,"34":1,"35":1,"36":1,"37":1,"38":1,"39":1,"40":1,"41":1,"42":0,"43":0,"44":1,"45":1,"46":1,"47":1,"48":1,"49":1,"50":1,"51":1,"52":1,"53":1,"54":1,"55":1,"56":1,"57":1,"58":0,"59":0,"60":1},"f":{"0":4,"1":2,"2":2,"3":2,"4":0,"5":1,"6":1,"7":1,"8":1},"b":{"0":[2,0],"1":[2,0],"2":[2,2],"3":[2,2],"4":[2,0],"5":[2,0],"6":[2,0],"7":[2,0],"8":[2,0],"9":[2,0],"10":[2,0],"11":[0,0],"12":[1,0],"13":[0,1],"14":[1,0],"15":[1,0],"16":[1,0],"17":[0,0],"18":[1,0],"19":[1,0],"20":[1,0],"21":[1,1],"22":[1,0],"23":[1,1]},"_coverageSchema":"1a1c01bbd47fc00a2c39e90264f33305004495a9","hash":"e2ddd892a34f2b265e59bb80d31d725e04076999"}
,"/Users/olo/ViveCheck/app/screens/Checklist/ChecklistScreen.tsx": {"path":"/Users/olo/ViveCheck/app/screens/Checklist/ChecklistScreen.tsx","statementMap":{"0":{"start":{"line":20,"column":17},"end":{"line":20,"column":28}},"1":{"start":{"line":21,"column":26},"end":{"line":21,"column":74}},"2":{"start":{"line":22,"column":20},"end":{"line":22,"column":35}},"3":{"start":{"line":25,"column":43},"end":{"line":27,"column":15}},"4":{"start":{"line":26,"column":46},"end":{"line":26,"column":66}},"5":{"start":{"line":30,"column":20},"end":{"line":30,"column":48}},"6":{"start":{"line":33,"column":28},"end":{"line":33,"column":77}},"7":{"start":{"line":34,"column":22},"end":{"line":34,"column":68}},"8":{"start":{"line":35,"column":50},"end":{"line":37,"column":3}},"9":{"start":{"line":38,"column":54},"end":{"line":40,"column":3}},"10":{"start":{"line":41,"column":62},"end":{"line":43,"column":3}},"11":{"start":{"line":44,"column":52},"end":{"line":46,"column":3}},"12":{"start":{"line":49,"column":27},"end":{"line":57,"column":3}},"13":{"start":{"line":50,"column":4},"end":{"line":56,"column":7}},"14":{"start":{"line":50,"column":37},"end":{"line":56,"column":5}},"15":{"start":{"line":58,"column":28},"end":{"line":58,"column":61}},"16":{"start":{"line":61,"column":28},"end":{"line":61,"column":56}},"17":{"start":{"line":63,"column":26},"end":{"line":63,"column":46}},"18":{"start":{"line":64,"column":36},"end":{"line":68,"column":17}},"19":{"start":{"line":70,"column":2},"end":{"line":85,"column":9}},"20":{"start":{"line":72,"column":4},"end":{"line":79,"column":9}},"21":{"start":{"line":74,"column":8},"end":{"line":74,"column":27}},"22":{"start":{"line":75,"column":8},"end":{"line":75,"column":33}},"23":{"start":{"line":80,"column":4},"end":{"line":84,"column":6}},"24":{"start":{"line":81,"column":6},"end":{"line":83,"column":7}},"25":{"start":{"line":82,"column":8},"end":{"line":82,"column":30}},"26":{"start":{"line":87,"column":2},"end":{"line":95,"column":9}},"27":{"start":{"line":88,"column":18},"end":{"line":88,"column":22}},"28":{"start":{"line":89,"column":4},"end":{"line":91,"column":7}},"29":{"start":{"line":90,"column":6},"end":{"line":90,"column":37}},"30":{"start":{"line":90,"column":19},"end":{"line":90,"column":37}},"31":{"start":{"line":92,"column":4},"end":{"line":94,"column":6}},"32":{"start":{"line":93,"column":6},"end":{"line":93,"column":22}},"33":{"start":{"line":98,"column":2},"end":{"line":104,"column":3}},"34":{"start":{"line":99,"column":4},"end":{"line":103,"column":6}},"35":{"start":{"line":107,"column":2},"end":{"line":313,"column":4}},"36":{"start":{"line":187,"column":31},"end":{"line":187,"column":32}},"37":{"start":{"line":188,"column":32},"end":{"line":188,"column":33}},"38":{"start":{"line":189,"column":31},"end":{"line":189,"column":33}},"39":{"start":{"line":190,"column":16},"end":{"line":199,"column":17}},"40":{"start":{"line":191,"column":18},"end":{"line":194,"column":20}},"41":{"start":{"line":196,"column":18},"end":{"line":196,"column":48}},"42":{"start":{"line":197,"column":18},"end":{"line":197,"column":50}},"43":{"start":{"line":198,"column":18},"end":{"line":198,"column":44}},"44":{"start":{"line":200,"column":16},"end":{"line":302,"column":17}},"45":{"start":{"line":201,"column":32},"end":{"line":201,"column":48}},"46":{"start":{"line":203,"column":18},"end":{"line":206,"column":19}},"47":{"start":{"line":204,"column":20},"end":{"line":204,"column":54}},"48":{"start":{"line":205,"column":20},"end":{"line":205,"column":27}},"49":{"start":{"line":207,"column":29},"end":{"line":207,"column":79}},"50":{"start":{"line":208,"column":39},"end":{"line":213,"column":21}},"51":{"start":{"line":208,"column":67},"end":{"line":213,"column":19}},"52":{"start":{"line":215,"column":18},"end":{"line":253,"column":21}},"53":{"start":{"line":216,"column":20},"end":{"line":238,"column":22}},"54":{"start":{"line":229,"column":59},"end":{"line":235,"column":25}},"55":{"start":{"line":240,"column":20},"end":{"line":252,"column":23}},"56":{"start":{"line":241,"column":39},"end":{"line":241,"column":81}},"57":{"start":{"line":242,"column":22},"end":{"line":251,"column":23}},"58":{"start":{"line":243,"column":24},"end":{"line":250,"column":26}},"59":{"start":{"line":255,"column":18},"end":{"line":255,"column":41}},"60":{"start":{"line":257,"column":18},"end":{"line":270,"column":21}},"61":{"start":{"line":273,"column":18},"end":{"line":294,"column":19}},"62":{"start":{"line":274,"column":20},"end":{"line":293,"column":25}},"63":{"start":{"line":275,"column":22},"end":{"line":292,"column":23}},"64":{"start":{"line":276,"column":38},"end":{"line":276,"column":57}},"65":{"start":{"line":277,"column":24},"end":{"line":289,"column":25}},"66":{"start":{"line":278,"column":42},"end":{"line":278,"column":58}},"67":{"start":{"line":279,"column":26},"end":{"line":288,"column":29}},"68":{"start":{"line":280,"column":39},"end":{"line":280,"column":83}},"69":{"start":{"line":281,"column":28},"end":{"line":287,"column":29}},"70":{"start":{"line":282,"column":30},"end":{"line":282,"column":51}},"71":{"start":{"line":283,"column":30},"end":{"line":286,"column":32}},"72":{"start":{"line":291,"column":24},"end":{"line":291,"column":78}},"73":{"start":{"line":296,"column":18},"end":{"line":296,"column":35}},"74":{"start":{"line":297,"column":18},"end":{"line":301,"column":20}},"75":{"start":{"line":316,"column":15},"end":{"line":359,"column":2}}},"fnMap":{"0":{"name":"ChecklistaFormScreen","decl":{"start":{"line":19,"column":24},"end":{"line":19,"column":44}},"loc":{"start":{"line":19,"column":47},"end":{"line":314,"column":1}},"line":19},"1":{"name":"(anonymous_1)","decl":{"start":{"line":26,"column":28},"end":{"line":26,"column":29}},"loc":{"start":{"line":26,"column":46},"end":{"line":26,"column":66}},"line":26},"2":{"name":"(anonymous_2)","decl":{"start":{"line":49,"column":53},"end":{"line":49,"column":54}},"loc":{"start":{"line":50,"column":4},"end":{"line":56,"column":7}},"line":50},"3":{"name":"(anonymous_3)","decl":{"start":{"line":50,"column":26},"end":{"line":50,"column":27}},"loc":{"start":{"line":50,"column":37},"end":{"line":56,"column":5}},"line":50},"4":{"name":"(anonymous_4)","decl":{"start":{"line":70,"column":12},"end":{"line":70,"column":13}},"loc":{"start":{"line":70,"column":18},"end":{"line":85,"column":3}},"line":70},"5":{"name":"(anonymous_5)","decl":{"start":{"line":73,"column":12},"end":{"line":73,"column":13}},"loc":{"start":{"line":73,"column":26},"end":{"line":76,"column":7}},"line":73},"6":{"name":"(anonymous_6)","decl":{"start":{"line":77,"column":13},"end":{"line":77,"column":14}},"loc":{"start":{"line":77,"column":19},"end":{"line":79,"column":7}},"line":77},"7":{"name":"(anonymous_7)","decl":{"start":{"line":80,"column":11},"end":{"line":80,"column":12}},"loc":{"start":{"line":80,"column":17},"end":{"line":84,"column":5}},"line":80},"8":{"name":"(anonymous_8)","decl":{"start":{"line":87,"column":12},"end":{"line":87,"column":13}},"loc":{"start":{"line":87,"column":18},"end":{"line":95,"column":3}},"line":87},"9":{"name":"(anonymous_9)","decl":{"start":{"line":89,"column":23},"end":{"line":89,"column":24}},"loc":{"start":{"line":89,"column":32},"end":{"line":91,"column":5}},"line":89},"10":{"name":"(anonymous_10)","decl":{"start":{"line":92,"column":11},"end":{"line":92,"column":12}},"loc":{"start":{"line":92,"column":17},"end":{"line":94,"column":5}},"line":92},"11":{"name":"(anonymous_11)","decl":{"start":{"line":185,"column":23},"end":{"line":185,"column":24}},"loc":{"start":{"line":185,"column":35},"end":{"line":303,"column":15}},"line":185},"12":{"name":"(anonymous_12)","decl":{"start":{"line":208,"column":49},"end":{"line":208,"column":50}},"loc":{"start":{"line":208,"column":67},"end":{"line":213,"column":19}},"line":208},"13":{"name":"(anonymous_13)","decl":{"start":{"line":215,"column":30},"end":{"line":215,"column":31}},"loc":{"start":{"line":215,"column":36},"end":{"line":253,"column":19}},"line":215},"14":{"name":"(anonymous_14)","decl":{"start":{"line":229,"column":48},"end":{"line":229,"column":49}},"loc":{"start":{"line":229,"column":59},"end":{"line":235,"column":25}},"line":229},"15":{"name":"(anonymous_15)","decl":{"start":{"line":240,"column":41},"end":{"line":240,"column":42}},"loc":{"start":{"line":240,"column":51},"end":{"line":252,"column":21}},"line":240},"16":{"name":"(anonymous_16)","decl":{"start":{"line":274,"column":21},"end":{"line":274,"column":22}},"loc":{"start":{"line":274,"column":33},"end":{"line":293,"column":21}},"line":274},"17":{"name":"(anonymous_17)","decl":{"start":{"line":279,"column":40},"end":{"line":279,"column":41}},"loc":{"start":{"line":279,"column":46},"end":{"line":288,"column":27}},"line":279}},"branchMap":{"0":{"loc":{"start":{"line":25,"column":43},"end":{"line":27,"column":15}},"type":"cond-expr","locations":[{"start":{"line":26,"column":6},"end":{"line":26,"column":67}},{"start":{"line":27,"column":6},"end":{"line":27,"column":15}}],"line":25},"1":{"loc":{"start":{"line":30,"column":20},"end":{"line":30,"column":48}},"type":"binary-expr","locations":[{"start":{"line":30,"column":20},"end":{"line":30,"column":33}},{"start":{"line":30,"column":37},"end":{"line":30,"column":48}}],"line":30},"2":{"loc":{"start":{"line":33,"column":37},"end":{"line":33,"column":76}},"type":"cond-expr","locations":[{"start":{"line":33,"column":49},"end":{"line":33,"column":71}},{"start":{"line":33,"column":74},"end":{"line":33,"column":76}}],"line":33},"3":{"loc":{"start":{"line":33,"column":49},"end":{"line":33,"column":71}},"type":"binary-expr","locations":[{"start":{"line":33,"column":49},"end":{"line":33,"column":65}},{"start":{"line":33,"column":69},"end":{"line":33,"column":71}}],"line":33},"4":{"loc":{"start":{"line":34,"column":31},"end":{"line":34,"column":67}},"type":"cond-expr","locations":[{"start":{"line":34,"column":43},"end":{"line":34,"column":62}},{"start":{"line":34,"column":65},"end":{"line":34,"column":67}}],"line":34},"5":{"loc":{"start":{"line":34,"column":43},"end":{"line":34,"column":62}},"type":"binary-expr","locations":[{"start":{"line":34,"column":43},"end":{"line":34,"column":56}},{"start":{"line":34,"column":60},"end":{"line":34,"column":62}}],"line":34},"6":{"loc":{"start":{"line":36,"column":4},"end":{"line":36,"column":54}},"type":"cond-expr","locations":[{"start":{"line":36,"column":16},"end":{"line":36,"column":49}},{"start":{"line":36,"column":52},"end":{"line":36,"column":54}}],"line":36},"7":{"loc":{"start":{"line":36,"column":16},"end":{"line":36,"column":49}},"type":"binary-expr","locations":[{"start":{"line":36,"column":16},"end":{"line":36,"column":43}},{"start":{"line":36,"column":47},"end":{"line":36,"column":49}}],"line":36},"8":{"loc":{"start":{"line":39,"column":4},"end":{"line":39,"column":56}},"type":"cond-expr","locations":[{"start":{"line":39,"column":16},"end":{"line":39,"column":51}},{"start":{"line":39,"column":54},"end":{"line":39,"column":56}}],"line":39},"9":{"loc":{"start":{"line":39,"column":16},"end":{"line":39,"column":51}},"type":"binary-expr","locations":[{"start":{"line":39,"column":16},"end":{"line":39,"column":45}},{"start":{"line":39,"column":49},"end":{"line":39,"column":51}}],"line":39},"10":{"loc":{"start":{"line":42,"column":4},"end":{"line":42,"column":60}},"type":"cond-expr","locations":[{"start":{"line":42,"column":16},"end":{"line":42,"column":55}},{"start":{"line":42,"column":58},"end":{"line":42,"column":60}}],"line":42},"11":{"loc":{"start":{"line":42,"column":16},"end":{"line":42,"column":55}},"type":"binary-expr","locations":[{"start":{"line":42,"column":16},"end":{"line":42,"column":49}},{"start":{"line":42,"column":53},"end":{"line":42,"column":55}}],"line":42},"12":{"loc":{"start":{"line":45,"column":4},"end":{"line":45,"column":55}},"type":"cond-expr","locations":[{"start":{"line":45,"column":16},"end":{"line":45,"column":50}},{"start":{"line":45,"column":53},"end":{"line":45,"column":55}}],"line":45},"13":{"loc":{"start":{"line":45,"column":16},"end":{"line":45,"column":50}},"type":"binary-expr","locations":[{"start":{"line":45,"column":16},"end":{"line":45,"column":44}},{"start":{"line":45,"column":48},"end":{"line":45,"column":50}}],"line":45},"14":{"loc":{"start":{"line":50,"column":5},"end":{"line":50,"column":20}},"type":"binary-expr","locations":[{"start":{"line":50,"column":5},"end":{"line":50,"column":14}},{"start":{"line":50,"column":18},"end":{"line":50,"column":20}}],"line":50},"15":{"loc":{"start":{"line":81,"column":6},"end":{"line":83,"column":7}},"type":"if","locations":[{"start":{"line":81,"column":6},"end":{"line":83,"column":7}},{"start":{},"end":{}}],"line":81},"16":{"loc":{"start":{"line":81,"column":10},"end":{"line":81,"column":50}},"type":"binary-expr","locations":[{"start":{"line":81,"column":10},"end":{"line":81,"column":23}},{"start":{"line":81,"column":27},"end":{"line":81,"column":50}}],"line":81},"17":{"loc":{"start":{"line":90,"column":6},"end":{"line":90,"column":37}},"type":"if","locations":[{"start":{"line":90,"column":6},"end":{"line":90,"column":37}},{"start":{},"end":{}}],"line":90},"18":{"loc":{"start":{"line":98,"column":2},"end":{"line":104,"column":3}},"type":"if","locations":[{"start":{"line":98,"column":2},"end":{"line":104,"column":3}},{"start":{},"end":{}}],"line":98},"19":{"loc":{"start":{"line":98,"column":6},"end":{"line":98,"column":33}},"type":"binary-expr","locations":[{"start":{"line":98,"column":6},"end":{"line":98,"column":19}},{"start":{"line":98,"column":23},"end":{"line":98,"column":33}}],"line":98},"20":{"loc":{"start":{"line":166,"column":7},"end":{"line":177,"column":7}},"type":"binary-expr","locations":[{"start":{"line":166,"column":7},"end":{"line":166,"column":16}},{"start":{"line":167,"column":8},"end":{"line":176,"column":15}}],"line":166},"21":{"loc":{"start":{"line":170,"column":13},"end":{"line":172,"column":22}},"type":"cond-expr","locations":[{"start":{"line":171,"column":16},"end":{"line":171,"column":81}},{"start":{"line":172,"column":16},"end":{"line":172,"column":22}}],"line":170},"22":{"loc":{"start":{"line":175,"column":17},"end":{"line":175,"column":42}},"type":"binary-expr","locations":[{"start":{"line":175,"column":17},"end":{"line":175,"column":32}},{"start":{"line":175,"column":36},"end":{"line":175,"column":42}}],"line":175},"23":{"loc":{"start":{"line":180,"column":7},"end":{"line":311,"column":7}},"type":"binary-expr","locations":[{"start":{"line":180,"column":7},"end":{"line":180,"column":17}},{"start":{"line":181,"column":8},"end":{"line":310,"column":15}}],"line":180},"24":{"loc":{"start":{"line":182,"column":11},"end":{"line":309,"column":11}},"type":"cond-expr","locations":[{"start":{"line":183,"column":12},"end":{"line":306,"column":24}},{"start":{"line":308,"column":12},"end":{"line":308,"column":89}}],"line":182},"25":{"loc":{"start":{"line":190,"column":16},"end":{"line":199,"column":17}},"type":"if","locations":[{"start":{"line":190,"column":16},"end":{"line":199,"column":17}},{"start":{"line":195,"column":23},"end":{"line":199,"column":17}}],"line":190},"26":{"loc":{"start":{"line":203,"column":18},"end":{"line":206,"column":19}},"type":"if","locations":[{"start":{"line":203,"column":18},"end":{"line":206,"column":19}},{"start":{},"end":{}}],"line":203},"27":{"loc":{"start":{"line":210,"column":24},"end":{"line":210,"column":51}},"type":"binary-expr","locations":[{"start":{"line":210,"column":24},"end":{"line":210,"column":31}},{"start":{"line":210,"column":35},"end":{"line":210,"column":51}}],"line":210},"28":{"loc":{"start":{"line":233,"column":37},"end":{"line":233,"column":57}},"type":"binary-expr","locations":[{"start":{"line":233,"column":37},"end":{"line":233,"column":51}},{"start":{"line":233,"column":55},"end":{"line":233,"column":57}}],"line":233},"29":{"loc":{"start":{"line":234,"column":47},"end":{"line":234,"column":77}},"type":"binary-expr","locations":[{"start":{"line":234,"column":47},"end":{"line":234,"column":71}},{"start":{"line":234,"column":75},"end":{"line":234,"column":77}}],"line":234},"30":{"loc":{"start":{"line":242,"column":22},"end":{"line":251,"column":23}},"type":"if","locations":[{"start":{"line":242,"column":22},"end":{"line":251,"column":23}},{"start":{},"end":{}}],"line":242},"31":{"loc":{"start":{"line":247,"column":39},"end":{"line":247,"column":62}},"type":"binary-expr","locations":[{"start":{"line":247,"column":39},"end":{"line":247,"column":53}},{"start":{"line":247,"column":57},"end":{"line":247,"column":62}}],"line":247},"32":{"loc":{"start":{"line":273,"column":18},"end":{"line":294,"column":19}},"type":"if","locations":[{"start":{"line":273,"column":18},"end":{"line":294,"column":19}},{"start":{},"end":{}}],"line":273},"33":{"loc":{"start":{"line":273,"column":22},"end":{"line":273,"column":44}},"type":"binary-expr","locations":[{"start":{"line":273,"column":22},"end":{"line":273,"column":31}},{"start":{"line":273,"column":35},"end":{"line":273,"column":44}}],"line":273},"34":{"loc":{"start":{"line":277,"column":24},"end":{"line":289,"column":25}},"type":"if","locations":[{"start":{"line":277,"column":24},"end":{"line":289,"column":25}},{"start":{},"end":{}}],"line":277},"35":{"loc":{"start":{"line":281,"column":28},"end":{"line":287,"column":29}},"type":"if","locations":[{"start":{"line":281,"column":28},"end":{"line":287,"column":29}},{"start":{},"end":{}}],"line":281},"36":{"loc":{"start":{"line":300,"column":23},"end":{"line":300,"column":65}},"type":"cond-expr","locations":[{"start":{"line":300,"column":44},"end":{"line":300,"column":53}},{"start":{"line":300,"column":56},"end":{"line":300,"column":65}}],"line":300}},"s":{"0":34,"1":34,"2":34,"3":34,"4":3,"5":34,"6":34,"7":33,"8":33,"9":33,"10":33,"11":33,"12":33,"13":33,"14":33,"15":33,"16":33,"17":33,"18":33,"19":33,"20":6,"21":6,"22":6,"23":6,"24":6,"25":6,"26":33,"27":6,"28":6,"29":6,"30":6,"31":6,"32":6,"33":33,"34":2,"35":31,"36":4,"37":4,"38":4,"39":4,"40":1,"41":3,"42":3,"43":3,"44":4,"45":4,"46":4,"47":1,"48":1,"49":3,"50":3,"51":3,"52":3,"53":3,"54":3,"55":3,"56":3,"57":3,"58":3,"59":3,"60":3,"61":3,"62":0,"63":0,"64":0,"65":0,"66":0,"67":0,"68":0,"69":0,"70":0,"71":0,"72":0,"73":0,"74":0,"75":1},"f":{"0":34,"1":3,"2":33,"3":33,"4":6,"5":6,"6":0,"7":6,"8":6,"9":6,"10":6,"11":4,"12":3,"13":3,"14":3,"15":3,"16":0,"17":0},"b":{"0":[5,29],"1":[34,5],"2":[3,31],"3":[3,0],"4":[2,31],"5":[2,0],"6":[2,31],"7":[2,0],"8":[2,31],"9":[2,0],"10":[2,31],"11":[2,0],"12":[2,31],"13":[2,0],"14":[33,0],"15":[6,0],"16":[6,6],"17":[6,0],"18":[2,31],"19":[33,4],"20":[31,2],"21":[2,0],"22":[2,0],"23":[31,29],"24":[25,4],"25":[1,3],"26":[1,3],"27":[3,0],"28":[3,3],"29":[3,3],"30":[3,0],"31":[3,0],"32":[0,3],"33":[3,2],"34":[0,0],"35":[0,0],"36":[0,0]},"_coverageSchema":"1a1c01bbd47fc00a2c39e90264f33305004495a9","hash":"40944885746a28cbf050d0bc1cd411e1e9544e78"}
,"/Users/olo/ViveCheck/app/screens/Checklist/CompletedChecklistsScreen.tsx": {"path":"/Users/olo/ViveCheck/app/screens/Checklist/CompletedChecklistsScreen.tsx","statementMap":{"0":{"start":{"line":12,"column":18},"end":{"line":12,"column":22}},"1":{"start":{"line":13,"column":2},"end":{"line":24,"column":3}},"2":{"start":{"line":14,"column":23},"end":{"line":14,"column":44}},"3":{"start":{"line":15,"column":15},"end":{"line":15,"column":60}},"4":{"start":{"line":15,"column":32},"end":{"line":15,"column":50}},"5":{"start":{"line":16,"column":21},"end":{"line":19,"column":6}},"6":{"start":{"line":20,"column":4},"end":{"line":20,"column":21}},"7":{"start":{"line":21,"column":4},"end":{"line":21,"column":23}},"8":{"start":{"line":23,"column":4},"end":{"line":23,"column":17}},"9":{"start":{"line":32,"column":2},"end":{"line":32,"column":14}},"10":{"start":{"line":36,"column":38},"end":{"line":36,"column":63}},"11":{"start":{"line":37,"column":17},"end":{"line":37,"column":28}},"12":{"start":{"line":38,"column":26},"end":{"line":38,"column":46}},"13":{"start":{"line":41,"column":25},"end":{"line":41,"column":38}},"14":{"start":{"line":43,"column":2},"end":{"line":85,"column":5}},"15":{"start":{"line":44,"column":38},"end":{"line":44,"column":42}},"16":{"start":{"line":46,"column":4},"end":{"line":72,"column":7}},"17":{"start":{"line":47,"column":6},"end":{"line":47,"column":31}},"18":{"start":{"line":48,"column":18},"end":{"line":48,"column":84}},"19":{"start":{"line":49,"column":6},"end":{"line":49,"column":58}},"20":{"start":{"line":52,"column":6},"end":{"line":71,"column":7}},"21":{"start":{"line":53,"column":8},"end":{"line":53,"column":38}},"22":{"start":{"line":54,"column":8},"end":{"line":70,"column":13}},"23":{"start":{"line":55,"column":26},"end":{"line":57,"column":74}},"24":{"start":{"line":58,"column":10},"end":{"line":69,"column":11}},"25":{"start":{"line":59,"column":12},"end":{"line":68,"column":13}},"26":{"start":{"line":60,"column":28},"end":{"line":60,"column":47}},"27":{"start":{"line":61,"column":14},"end":{"line":65,"column":15}},"28":{"start":{"line":62,"column":16},"end":{"line":64,"column":19}},"29":{"start":{"line":63,"column":18},"end":{"line":63,"column":39}},"30":{"start":{"line":74,"column":4},"end":{"line":79,"column":9}},"31":{"start":{"line":75,"column":21},"end":{"line":75,"column":37}},"32":{"start":{"line":76,"column":6},"end":{"line":78,"column":7}},"33":{"start":{"line":77,"column":8},"end":{"line":77,"column":39}},"34":{"start":{"line":80,"column":4},"end":{"line":84,"column":6}},"35":{"start":{"line":81,"column":6},"end":{"line":83,"column":7}},"36":{"start":{"line":82,"column":8},"end":{"line":82,"column":30}},"37":{"start":{"line":87,"column":2},"end":{"line":144,"column":4}},"38":{"start":{"line":93,"column":32},"end":{"line":93,"column":39}},"39":{"start":{"line":95,"column":10},"end":{"line":139,"column":17}},"40":{"start":{"line":99,"column":16},"end":{"line":102,"column":18}},"41":{"start":{"line":119,"column":16},"end":{"line":134,"column":17}},"42":{"start":{"line":120,"column":32},"end":{"line":120,"column":48}},"43":{"start":{"line":121,"column":18},"end":{"line":128,"column":21}},"44":{"start":{"line":122,"column":42},"end":{"line":124,"column":61}},"45":{"start":{"line":125,"column":20},"end":{"line":125,"column":48}},"46":{"start":{"line":126,"column":46},"end":{"line":126,"column":93}},"47":{"start":{"line":127,"column":20},"end":{"line":127,"column":75}},"48":{"start":{"line":127,"column":43},"end":{"line":127,"column":75}},"49":{"start":{"line":129,"column":30},"end":{"line":129,"column":93}},"50":{"start":{"line":130,"column":18},"end":{"line":130,"column":70}},"51":{"start":{"line":131,"column":18},"end":{"line":131,"column":32}},"52":{"start":{"line":133,"column":18},"end":{"line":133,"column":73}},"53":{"start":{"line":147,"column":15},"end":{"line":179,"column":2}}},"fnMap":{"0":{"name":"isOnline","decl":{"start":{"line":11,"column":15},"end":{"line":11,"column":23}},"loc":{"start":{"line":11,"column":26},"end":{"line":25,"column":1}},"line":11},"1":{"name":"(anonymous_1)","decl":{"start":{"line":15,"column":26},"end":{"line":15,"column":27}},"loc":{"start":{"line":15,"column":32},"end":{"line":15,"column":50}},"line":15},"2":{"name":"syncChecklistsIfNeeded","decl":{"start":{"line":28,"column":15},"end":{"line":28,"column":37}},"loc":{"start":{"line":28,"column":40},"end":{"line":33,"column":1}},"line":28},"3":{"name":"CompletedChecklistsScreen","decl":{"start":{"line":35,"column":24},"end":{"line":35,"column":49}},"loc":{"start":{"line":35,"column":52},"end":{"line":145,"column":1}},"line":35},"4":{"name":"(anonymous_4)","decl":{"start":{"line":43,"column":17},"end":{"line":43,"column":18}},"loc":{"start":{"line":43,"column":23},"end":{"line":85,"column":3}},"line":43},"5":{"name":"(anonymous_5)","decl":{"start":{"line":46,"column":20},"end":{"line":46,"column":21}},"loc":{"start":{"line":46,"column":40},"end":{"line":72,"column":5}},"line":46},"6":{"name":"(anonymous_6)","decl":{"start":{"line":54,"column":9},"end":{"line":54,"column":10}},"loc":{"start":{"line":54,"column":21},"end":{"line":70,"column":9}},"line":54},"7":{"name":"(anonymous_7)","decl":{"start":{"line":62,"column":37},"end":{"line":62,"column":38}},"loc":{"start":{"line":62,"column":43},"end":{"line":64,"column":17}},"line":62},"8":{"name":"(anonymous_8)","decl":{"start":{"line":74,"column":5},"end":{"line":74,"column":6}},"loc":{"start":{"line":74,"column":17},"end":{"line":79,"column":5}},"line":74},"9":{"name":"(anonymous_9)","decl":{"start":{"line":80,"column":11},"end":{"line":80,"column":12}},"loc":{"start":{"line":80,"column":17},"end":{"line":84,"column":5}},"line":80},"10":{"name":"(anonymous_10)","decl":{"start":{"line":93,"column":22},"end":{"line":93,"column":23}},"loc":{"start":{"line":93,"column":32},"end":{"line":93,"column":39}},"line":93},"11":{"name":"(anonymous_11)","decl":{"start":{"line":94,"column":20},"end":{"line":94,"column":21}},"loc":{"start":{"line":95,"column":10},"end":{"line":139,"column":17}},"line":95},"12":{"name":"(anonymous_12)","decl":{"start":{"line":98,"column":23},"end":{"line":98,"column":24}},"loc":{"start":{"line":99,"column":16},"end":{"line":102,"column":18}},"line":99},"13":{"name":"(anonymous_13)","decl":{"start":{"line":118,"column":23},"end":{"line":118,"column":24}},"loc":{"start":{"line":118,"column":35},"end":{"line":135,"column":15}},"line":118},"14":{"name":"(anonymous_14)","decl":{"start":{"line":121,"column":30},"end":{"line":121,"column":31}},"loc":{"start":{"line":121,"column":36},"end":{"line":128,"column":19}},"line":121}},"branchMap":{"0":{"loc":{"start":{"line":52,"column":6},"end":{"line":71,"column":7}},"type":"if","locations":[{"start":{"line":52,"column":6},"end":{"line":71,"column":7}},{"start":{},"end":{}}],"line":52},"1":{"loc":{"start":{"line":61,"column":14},"end":{"line":65,"column":15}},"type":"if","locations":[{"start":{"line":61,"column":14},"end":{"line":65,"column":15}},{"start":{},"end":{}}],"line":61},"2":{"loc":{"start":{"line":76,"column":6},"end":{"line":78,"column":7}},"type":"if","locations":[{"start":{"line":76,"column":6},"end":{"line":78,"column":7}},{"start":{},"end":{}}],"line":76},"3":{"loc":{"start":{"line":81,"column":6},"end":{"line":83,"column":7}},"type":"if","locations":[{"start":{"line":81,"column":6},"end":{"line":83,"column":7}},{"start":{},"end":{}}],"line":81},"4":{"loc":{"start":{"line":81,"column":10},"end":{"line":81,"column":50}},"type":"binary-expr","locations":[{"start":{"line":81,"column":10},"end":{"line":81,"column":23}},{"start":{"line":81,"column":27},"end":{"line":81,"column":50}}],"line":81},"5":{"loc":{"start":{"line":105,"column":45},"end":{"line":105,"column":78}},"type":"binary-expr","locations":[{"start":{"line":105,"column":45},"end":{"line":105,"column":55}},{"start":{"line":105,"column":59},"end":{"line":105,"column":78}}],"line":105},"6":{"loc":{"start":{"line":107,"column":17},"end":{"line":107,"column":80}},"type":"cond-expr","locations":[{"start":{"line":107,"column":34},"end":{"line":107,"column":75}},{"start":{"line":107,"column":78},"end":{"line":107,"column":80}}],"line":107},"7":{"loc":{"start":{"line":127,"column":20},"end":{"line":127,"column":75}},"type":"if","locations":[{"start":{"line":127,"column":20},"end":{"line":127,"column":75}},{"start":{},"end":{}}],"line":127}},"s":{"0":216,"1":216,"2":216,"3":216,"4":0,"5":216,"6":73,"7":73,"8":0,"9":73,"10":217,"11":216,"12":216,"13":216,"14":216,"15":216,"16":216,"17":216,"18":216,"19":216,"20":216,"21":5,"22":5,"23":5,"24":5,"25":3,"26":3,"27":3,"28":1,"29":1,"30":216,"31":216,"32":73,"33":73,"34":216,"35":0,"36":0,"37":216,"38":281,"39":277,"40":0,"41":1,"42":1,"43":1,"44":1,"45":1,"46":1,"47":1,"48":1,"49":1,"50":1,"51":1,"52":0,"53":1},"f":{"0":216,"1":0,"2":73,"3":217,"4":216,"5":216,"6":5,"7":1,"8":216,"9":0,"10":281,"11":277,"12":0,"13":1,"14":1},"b":{"0":[5,211],"1":[1,2],"2":[73,0],"3":[0,0],"4":[0,0],"5":[277,0],"6":[277,0],"7":[1,0]},"_coverageSchema":"1a1c01bbd47fc00a2c39e90264f33305004495a9","hash":"335f8ce7249e01b1f59067000340bf37079a20cf"}
,"/Users/olo/ViveCheck/app/screens/Checklist/TaskCarouselScreen.tsx": {"path":"/Users/olo/ViveCheck/app/screens/Checklist/TaskCarouselScreen.tsx","statementMap":{"0":{"start":{"line":13,"column":17},"end":{"line":13,"column":39}},"1":{"start":{"line":14,"column":22},"end":{"line":14,"column":62}},"2":{"start":{"line":15,"column":19},"end":{"line":15,"column":45}},"3":{"start":{"line":16,"column":24},"end":{"line":16,"column":50}},"4":{"start":{"line":17,"column":24},"end":{"line":17,"column":66}},"5":{"start":{"line":19,"column":28},"end":{"line":19,"column":48}},"6":{"start":{"line":20,"column":30},"end":{"line":20,"column":50}},"7":{"start":{"line":21,"column":36},"end":{"line":21,"column":55}},"8":{"start":{"line":22,"column":22},"end":{"line":22,"column":52}},"9":{"start":{"line":23,"column":28},"end":{"line":23,"column":54}},"10":{"start":{"line":24,"column":34},"end":{"line":24,"column":49}},"11":{"start":{"line":26,"column":2},"end":{"line":62,"column":4}},"12":{"start":{"line":29,"column":6},"end":{"line":55,"column":9}},"13":{"start":{"line":30,"column":8},"end":{"line":30,"column":27}},"14":{"start":{"line":31,"column":8},"end":{"line":31,"column":33}},"15":{"start":{"line":32,"column":8},"end":{"line":54,"column":9}},"16":{"start":{"line":33,"column":32},"end":{"line":33,"column":56}},"17":{"start":{"line":34,"column":10},"end":{"line":34,"column":77}},"18":{"start":{"line":35,"column":10},"end":{"line":37,"column":11}},"19":{"start":{"line":36,"column":12},"end":{"line":36,"column":78}},"20":{"start":{"line":38,"column":10},"end":{"line":38,"column":64}},"21":{"start":{"line":39,"column":10},"end":{"line":39,"column":56}},"22":{"start":{"line":40,"column":33},"end":{"line":40,"column":99}},"23":{"start":{"line":41,"column":10},"end":{"line":49,"column":11}},"24":{"start":{"line":42,"column":12},"end":{"line":44,"column":14}},"25":{"start":{"line":45,"column":12},"end":{"line":45,"column":48}},"26":{"start":{"line":47,"column":12},"end":{"line":47,"column":26}},"27":{"start":{"line":48,"column":12},"end":{"line":48,"column":31}},"28":{"start":{"line":51,"column":10},"end":{"line":51,"column":23}},"29":{"start":{"line":52,"column":10},"end":{"line":52,"column":29}},"30":{"start":{"line":53,"column":10},"end":{"line":53,"column":24}},"31":{"start":{"line":56,"column":6},"end":{"line":60,"column":8}},"32":{"start":{"line":57,"column":8},"end":{"line":59,"column":9}},"33":{"start":{"line":58,"column":10},"end":{"line":58,"column":32}},"34":{"start":{"line":65,"column":23},"end":{"line":93,"column":3}},"35":{"start":{"line":66,"column":22},"end":{"line":66,"column":61}},"36":{"start":{"line":66,"column":45},"end":{"line":66,"column":60}},"37":{"start":{"line":67,"column":4},"end":{"line":67,"column":33}},"38":{"start":{"line":67,"column":26},"end":{"line":67,"column":33}},"39":{"start":{"line":68,"column":25},"end":{"line":68,"column":35}},"40":{"start":{"line":69,"column":4},"end":{"line":72,"column":6}},"41":{"start":{"line":73,"column":4},"end":{"line":73,"column":27}},"42":{"start":{"line":74,"column":4},"end":{"line":92,"column":5}},"43":{"start":{"line":75,"column":6},"end":{"line":91,"column":7}},"44":{"start":{"line":76,"column":8},"end":{"line":83,"column":11}},"45":{"start":{"line":77,"column":28},"end":{"line":79,"column":23}},"46":{"start":{"line":80,"column":10},"end":{"line":82,"column":11}},"47":{"start":{"line":81,"column":12},"end":{"line":81,"column":46}},"48":{"start":{"line":84,"column":30},"end":{"line":84,"column":94}},"49":{"start":{"line":85,"column":8},"end":{"line":87,"column":9}},"50":{"start":{"line":86,"column":10},"end":{"line":86,"column":76}},"51":{"start":{"line":88,"column":8},"end":{"line":88,"column":62}},"52":{"start":{"line":90,"column":8},"end":{"line":90,"column":54}},"53":{"start":{"line":96,"column":24},"end":{"line":96,"column":42}},"54":{"start":{"line":97,"column":25},"end":{"line":138,"column":3}},"55":{"start":{"line":98,"column":22},"end":{"line":98,"column":61}},"56":{"start":{"line":98,"column":45},"end":{"line":98,"column":60}},"57":{"start":{"line":99,"column":4},"end":{"line":102,"column":5}},"58":{"start":{"line":100,"column":6},"end":{"line":100,"column":72}},"59":{"start":{"line":101,"column":6},"end":{"line":101,"column":13}},"60":{"start":{"line":103,"column":4},"end":{"line":137,"column":5}},"61":{"start":{"line":104,"column":23},"end":{"line":104,"column":40}},"62":{"start":{"line":105,"column":6},"end":{"line":134,"column":7}},"63":{"start":{"line":106,"column":29},"end":{"line":106,"column":39}},"64":{"start":{"line":107,"column":25},"end":{"line":109,"column":14}},"65":{"start":{"line":110,"column":8},"end":{"line":113,"column":10}},"66":{"start":{"line":114,"column":8},"end":{"line":114,"column":31}},"67":{"start":{"line":115,"column":8},"end":{"line":133,"column":9}},"68":{"start":{"line":116,"column":10},"end":{"line":132,"column":11}},"69":{"start":{"line":117,"column":12},"end":{"line":124,"column":15}},"70":{"start":{"line":118,"column":32},"end":{"line":120,"column":27}},"71":{"start":{"line":121,"column":14},"end":{"line":123,"column":15}},"72":{"start":{"line":122,"column":16},"end":{"line":122,"column":62}},"73":{"start":{"line":125,"column":34},"end":{"line":125,"column":98}},"74":{"start":{"line":126,"column":12},"end":{"line":128,"column":13}},"75":{"start":{"line":127,"column":14},"end":{"line":127,"column":80}},"76":{"start":{"line":129,"column":12},"end":{"line":129,"column":66}},"77":{"start":{"line":136,"column":6},"end":{"line":136,"column":58}},"78":{"start":{"line":141,"column":25},"end":{"line":176,"column":3}},"79":{"start":{"line":142,"column":22},"end":{"line":142,"column":61}},"80":{"start":{"line":142,"column":45},"end":{"line":142,"column":60}},"81":{"start":{"line":143,"column":4},"end":{"line":143,"column":33}},"82":{"start":{"line":143,"column":26},"end":{"line":143,"column":33}},"83":{"start":{"line":144,"column":4},"end":{"line":147,"column":5}},"84":{"start":{"line":145,"column":6},"end":{"line":145,"column":58}},"85":{"start":{"line":146,"column":6},"end":{"line":146,"column":13}},"86":{"start":{"line":148,"column":15},"end":{"line":148,"column":31}},"87":{"start":{"line":149,"column":4},"end":{"line":151,"column":5}},"88":{"start":{"line":150,"column":6},"end":{"line":150,"column":38}},"89":{"start":{"line":152,"column":4},"end":{"line":175,"column":5}},"90":{"start":{"line":153,"column":6},"end":{"line":160,"column":9}},"91":{"start":{"line":161,"column":6},"end":{"line":170,"column":9}},"92":{"start":{"line":162,"column":24},"end":{"line":162,"column":86}},"93":{"start":{"line":163,"column":8},"end":{"line":169,"column":9}},"94":{"start":{"line":164,"column":10},"end":{"line":164,"column":47}},"95":{"start":{"line":165,"column":10},"end":{"line":165,"column":60}},"96":{"start":{"line":166,"column":10},"end":{"line":166,"column":67}},"97":{"start":{"line":168,"column":10},"end":{"line":168,"column":37}},"98":{"start":{"line":171,"column":6},"end":{"line":171,"column":67}},"99":{"start":{"line":173,"column":6},"end":{"line":173,"column":61}},"100":{"start":{"line":174,"column":6},"end":{"line":174,"column":68}},"101":{"start":{"line":178,"column":2},"end":{"line":180,"column":3}},"102":{"start":{"line":179,"column":4},"end":{"line":179,"column":76}},"103":{"start":{"line":182,"column":2},"end":{"line":245,"column":4}}},"fnMap":{"0":{"name":"TaskCarouselScreen","decl":{"start":{"line":12,"column":24},"end":{"line":12,"column":42}},"loc":{"start":{"line":12,"column":45},"end":{"line":246,"column":1}},"line":12},"1":{"name":"(anonymous_1)","decl":{"start":{"line":27,"column":22},"end":{"line":27,"column":23}},"loc":{"start":{"line":27,"column":28},"end":{"line":61,"column":5}},"line":27},"2":{"name":"(anonymous_2)","decl":{"start":{"line":29,"column":22},"end":{"line":29,"column":23}},"loc":{"start":{"line":29,"column":36},"end":{"line":55,"column":7}},"line":29},"3":{"name":"(anonymous_3)","decl":{"start":{"line":56,"column":13},"end":{"line":56,"column":14}},"loc":{"start":{"line":56,"column":19},"end":{"line":60,"column":7}},"line":56},"4":{"name":"(anonymous_4)","decl":{"start":{"line":65,"column":23},"end":{"line":65,"column":24}},"loc":{"start":{"line":65,"column":98},"end":{"line":93,"column":3}},"line":65},"5":{"name":"(anonymous_5)","decl":{"start":{"line":66,"column":38},"end":{"line":66,"column":39}},"loc":{"start":{"line":66,"column":45},"end":{"line":66,"column":60}},"line":66},"6":{"name":"(anonymous_6)","decl":{"start":{"line":76,"column":20},"end":{"line":76,"column":21}},"loc":{"start":{"line":76,"column":26},"end":{"line":83,"column":9}},"line":76},"7":{"name":"(anonymous_7)","decl":{"start":{"line":97,"column":25},"end":{"line":97,"column":26}},"loc":{"start":{"line":97,"column":51},"end":{"line":138,"column":3}},"line":97},"8":{"name":"(anonymous_8)","decl":{"start":{"line":98,"column":38},"end":{"line":98,"column":39}},"loc":{"start":{"line":98,"column":45},"end":{"line":98,"column":60}},"line":98},"9":{"name":"(anonymous_9)","decl":{"start":{"line":117,"column":24},"end":{"line":117,"column":25}},"loc":{"start":{"line":117,"column":30},"end":{"line":124,"column":13}},"line":117},"10":{"name":"(anonymous_10)","decl":{"start":{"line":141,"column":25},"end":{"line":141,"column":26}},"loc":{"start":{"line":141,"column":45},"end":{"line":176,"column":3}},"line":141},"11":{"name":"(anonymous_11)","decl":{"start":{"line":142,"column":38},"end":{"line":142,"column":39}},"loc":{"start":{"line":142,"column":45},"end":{"line":142,"column":60}},"line":142},"12":{"name":"(anonymous_12)","decl":{"start":{"line":161,"column":18},"end":{"line":161,"column":19}},"loc":{"start":{"line":161,"column":24},"end":{"line":170,"column":7}},"line":161}},"branchMap":{"0":{"loc":{"start":{"line":32,"column":8},"end":{"line":54,"column":9}},"type":"if","locations":[{"start":{"line":32,"column":8},"end":{"line":54,"column":9}},{"start":{"line":50,"column":15},"end":{"line":54,"column":9}}],"line":32},"1":{"loc":{"start":{"line":35,"column":10},"end":{"line":37,"column":11}},"type":"if","locations":[{"start":{"line":35,"column":10},"end":{"line":37,"column":11}},{"start":{},"end":{}}],"line":35},"2":{"loc":{"start":{"line":39,"column":22},"end":{"line":39,"column":54}},"type":"cond-expr","locations":[{"start":{"line":39,"column":38},"end":{"line":39,"column":42}},{"start":{"line":39,"column":45},"end":{"line":39,"column":54}}],"line":39},"3":{"loc":{"start":{"line":41,"column":10},"end":{"line":49,"column":11}},"type":"if","locations":[{"start":{"line":41,"column":10},"end":{"line":49,"column":11}},{"start":{"line":46,"column":17},"end":{"line":49,"column":11}}],"line":41},"4":{"loc":{"start":{"line":43,"column":14},"end":{"line":43,"column":91}},"type":"binary-expr","locations":[{"start":{"line":43,"column":15},"end":{"line":43,"column":48}},{"start":{"line":43,"column":54},"end":{"line":43,"column":84}},{"start":{"line":43,"column":89},"end":{"line":43,"column":91}}],"line":43},"5":{"loc":{"start":{"line":57,"column":8},"end":{"line":59,"column":9}},"type":"if","locations":[{"start":{"line":57,"column":8},"end":{"line":59,"column":9}},{"start":{},"end":{}}],"line":57},"6":{"loc":{"start":{"line":57,"column":12},"end":{"line":57,"column":52}},"type":"binary-expr","locations":[{"start":{"line":57,"column":12},"end":{"line":57,"column":25}},{"start":{"line":57,"column":29},"end":{"line":57,"column":52}}],"line":57},"7":{"loc":{"start":{"line":67,"column":4},"end":{"line":67,"column":33}},"type":"if","locations":[{"start":{"line":67,"column":4},"end":{"line":67,"column":33}},{"start":{},"end":{}}],"line":67},"8":{"loc":{"start":{"line":74,"column":4},"end":{"line":92,"column":5}},"type":"if","locations":[{"start":{"line":74,"column":4},"end":{"line":92,"column":5}},{"start":{},"end":{}}],"line":74},"9":{"loc":{"start":{"line":74,"column":8},"end":{"line":74,"column":58}},"type":"binary-expr","locations":[{"start":{"line":74,"column":8},"end":{"line":74,"column":13}},{"start":{"line":74,"column":17},"end":{"line":74,"column":43}},{"start":{"line":74,"column":47},"end":{"line":74,"column":58}}],"line":74},"10":{"loc":{"start":{"line":80,"column":10},"end":{"line":82,"column":11}},"type":"if","locations":[{"start":{"line":80,"column":10},"end":{"line":82,"column":11}},{"start":{},"end":{}}],"line":80},"11":{"loc":{"start":{"line":85,"column":8},"end":{"line":87,"column":9}},"type":"if","locations":[{"start":{"line":85,"column":8},"end":{"line":87,"column":9}},{"start":{},"end":{}}],"line":85},"12":{"loc":{"start":{"line":99,"column":4},"end":{"line":102,"column":5}},"type":"if","locations":[{"start":{"line":99,"column":4},"end":{"line":102,"column":5}},{"start":{},"end":{}}],"line":99},"13":{"loc":{"start":{"line":105,"column":6},"end":{"line":134,"column":7}},"type":"if","locations":[{"start":{"line":105,"column":6},"end":{"line":134,"column":7}},{"start":{},"end":{}}],"line":105},"14":{"loc":{"start":{"line":107,"column":25},"end":{"line":109,"column":14}},"type":"cond-expr","locations":[{"start":{"line":108,"column":12},"end":{"line":108,"column":45}},{"start":{"line":109,"column":12},"end":{"line":109,"column":14}}],"line":107},"15":{"loc":{"start":{"line":115,"column":8},"end":{"line":133,"column":9}},"type":"if","locations":[{"start":{"line":115,"column":8},"end":{"line":133,"column":9}},{"start":{},"end":{}}],"line":115},"16":{"loc":{"start":{"line":115,"column":12},"end":{"line":115,"column":62}},"type":"binary-expr","locations":[{"start":{"line":115,"column":12},"end":{"line":115,"column":17}},{"start":{"line":115,"column":21},"end":{"line":115,"column":47}},{"start":{"line":115,"column":51},"end":{"line":115,"column":62}}],"line":115},"17":{"loc":{"start":{"line":121,"column":14},"end":{"line":123,"column":15}},"type":"if","locations":[{"start":{"line":121,"column":14},"end":{"line":123,"column":15}},{"start":{},"end":{}}],"line":121},"18":{"loc":{"start":{"line":126,"column":12},"end":{"line":128,"column":13}},"type":"if","locations":[{"start":{"line":126,"column":12},"end":{"line":128,"column":13}},{"start":{},"end":{}}],"line":126},"19":{"loc":{"start":{"line":143,"column":4},"end":{"line":143,"column":33}},"type":"if","locations":[{"start":{"line":143,"column":4},"end":{"line":143,"column":33}},{"start":{},"end":{}}],"line":143},"20":{"loc":{"start":{"line":144,"column":4},"end":{"line":147,"column":5}},"type":"if","locations":[{"start":{"line":144,"column":4},"end":{"line":147,"column":5}},{"start":{},"end":{}}],"line":144},"21":{"loc":{"start":{"line":149,"column":4},"end":{"line":151,"column":5}},"type":"if","locations":[{"start":{"line":149,"column":4},"end":{"line":151,"column":5}},{"start":{},"end":{}}],"line":149},"22":{"loc":{"start":{"line":163,"column":8},"end":{"line":169,"column":9}},"type":"if","locations":[{"start":{"line":163,"column":8},"end":{"line":169,"column":9}},{"start":{"line":167,"column":15},"end":{"line":169,"column":9}}],"line":163},"23":{"loc":{"start":{"line":165,"column":37},"end":{"line":165,"column":57}},"type":"binary-expr","locations":[{"start":{"line":165,"column":37},"end":{"line":165,"column":51}},{"start":{"line":165,"column":55},"end":{"line":165,"column":57}}],"line":165},"24":{"loc":{"start":{"line":178,"column":2},"end":{"line":180,"column":3}},"type":"if","locations":[{"start":{"line":178,"column":2},"end":{"line":180,"column":3}},{"start":{},"end":{}}],"line":178},"25":{"loc":{"start":{"line":183,"column":44},"end":{"line":183,"column":64}},"type":"cond-expr","locations":[{"start":{"line":183,"column":55},"end":{"line":183,"column":58}},{"start":{"line":183,"column":61},"end":{"line":183,"column":64}}],"line":183},"26":{"loc":{"start":{"line":185,"column":7},"end":{"line":207,"column":7}},"type":"binary-expr","locations":[{"start":{"line":185,"column":7},"end":{"line":185,"column":16}},{"start":{"line":186,"column":8},"end":{"line":206,"column":15}}],"line":185},"27":{"loc":{"start":{"line":192,"column":15},"end":{"line":192,"column":89}},"type":"cond-expr","locations":[{"start":{"line":192,"column":37},"end":{"line":192,"column":83}},{"start":{"line":192,"column":86},"end":{"line":192,"column":89}}],"line":192},"28":{"loc":{"start":{"line":204,"column":13},"end":{"line":204,"column":56}},"type":"cond-expr","locations":[{"start":{"line":204,"column":30},"end":{"line":204,"column":51}},{"start":{"line":204,"column":54},"end":{"line":204,"column":56}}],"line":204},"29":{"loc":{"start":{"line":208,"column":7},"end":{"line":227,"column":7}},"type":"binary-expr","locations":[{"start":{"line":208,"column":7},"end":{"line":208,"column":20}},{"start":{"line":209,"column":8},"end":{"line":226,"column":15}}],"line":208},"30":{"loc":{"start":{"line":232,"column":10},"end":{"line":238,"column":24}},"type":"cond-expr","locations":[{"start":{"line":233,"column":14},"end":{"line":233,"column":23}},{"start":{"line":234,"column":15},"end":{"line":238,"column":23}}],"line":232},"31":{"loc":{"start":{"line":240,"column":20},"end":{"line":240,"column":57}},"type":"cond-expr","locations":[{"start":{"line":240,"column":31},"end":{"line":240,"column":40}},{"start":{"line":240,"column":43},"end":{"line":240,"column":57}}],"line":240},"32":{"loc":{"start":{"line":241,"column":16},"end":{"line":241,"column":53}},"type":"cond-expr","locations":[{"start":{"line":241,"column":27},"end":{"line":241,"column":36}},{"start":{"line":241,"column":39},"end":{"line":241,"column":53}}],"line":241}},"s":{"0":3981,"1":3981,"2":3981,"3":3981,"4":3981,"5":3981,"6":3980,"7":3980,"8":3980,"9":3980,"10":3980,"11":3980,"12":3980,"13":3980,"14":3980,"15":3980,"16":3980,"17":3980,"18":3980,"19":291,"20":3980,"21":3980,"22":3980,"23":3980,"24":1766,"25":1766,"26":2214,"27":2214,"28":0,"29":0,"30":0,"31":3980,"32":0,"33":0,"34":3980,"35":0,"36":0,"37":0,"38":0,"39":0,"40":0,"41":0,"42":0,"43":0,"44":0,"45":0,"46":0,"47":0,"48":0,"49":0,"50":0,"51":0,"52":0,"53":3980,"54":3980,"55":0,"56":0,"57":0,"58":0,"59":0,"60":0,"61":0,"62":0,"63":0,"64":0,"65":0,"66":0,"67":0,"68":0,"69":0,"70":0,"71":0,"72":0,"73":0,"74":0,"75":0,"76":0,"77":0,"78":3980,"79":2,"80":2,"81":2,"82":0,"83":2,"84":0,"85":0,"86":2,"87":2,"88":2,"89":2,"90":2,"91":2,"92":1,"93":1,"94":1,"95":1,"96":1,"97":0,"98":1,"99":1,"100":1,"101":3980,"102":11,"103":3969},"f":{"0":3981,"1":3980,"2":3980,"3":0,"4":0,"5":0,"6":0,"7":0,"8":0,"9":0,"10":2,"11":2,"12":1},"b":{"0":[3980,0],"1":[291,3689],"2":[0,3980],"3":[1766,2214],"4":[1766,1475,1475],"5":[0,0],"6":[0,0],"7":[0,0],"8":[0,0],"9":[0,0,0],"10":[0,0],"11":[0,0],"12":[0,0],"13":[0,0],"14":[0,0],"15":[0,0],"16":[0,0,0],"17":[0,0],"18":[0,0],"19":[0,2],"20":[0,2],"21":[2,0],"22":[1,0],"23":[1,0],"24":[11,3969],"25":[0,3969],"26":[3969,1763],"27":[290,1473],"28":[290,1473],"29":[3969,290],"30":[0,3969],"31":[0,3969],"32":[0,3969]},"_coverageSchema":"1a1c01bbd47fc00a2c39e90264f33305004495a9","hash":"ab08633667dcf06517b813f21c6be19967c59b24"}
,"/Users/olo/ViveCheck/app/screens/Checklist/TaskForm.tsx": {"path":"/Users/olo/ViveCheck/app/screens/Checklist/TaskForm.tsx","statementMap":{"0":{"start":{"line":24,"column":16},"end":{"line":24,"column":70}},"1":{"start":{"line":25,"column":19},"end":{"line":25,"column":69}},"2":{"start":{"line":27,"column":23},"end":{"line":27,"column":38}},"3":{"start":{"line":29,"column":28},"end":{"line":29,"column":66}},"4":{"start":{"line":30,"column":22},"end":{"line":30,"column":52}},"5":{"start":{"line":32,"column":24},"end":{"line":32,"column":42}},"6":{"start":{"line":33,"column":26},"end":{"line":33,"column":46}},"7":{"start":{"line":40,"column":14},"end":{"line":49,"column":3}},"8":{"start":{"line":41,"column":22},"end":{"line":41,"column":61}},"9":{"start":{"line":41,"column":45},"end":{"line":41,"column":60}},"10":{"start":{"line":42,"column":4},"end":{"line":42,"column":33}},"11":{"start":{"line":42,"column":26},"end":{"line":42,"column":33}},"12":{"start":{"line":43,"column":25},"end":{"line":43,"column":35}},"13":{"start":{"line":44,"column":4},"end":{"line":47,"column":6}},"14":{"start":{"line":48,"column":4},"end":{"line":48,"column":27}},"15":{"start":{"line":52,"column":25},"end":{"line":60,"column":3}},"16":{"start":{"line":53,"column":22},"end":{"line":53,"column":61}},"17":{"start":{"line":53,"column":45},"end":{"line":53,"column":60}},"18":{"start":{"line":54,"column":4},"end":{"line":54,"column":33}},"19":{"start":{"line":54,"column":26},"end":{"line":54,"column":33}},"20":{"start":{"line":55,"column":16},"end":{"line":55,"column":33}},"21":{"start":{"line":56,"column":4},"end":{"line":59,"column":5}},"22":{"start":{"line":57,"column":23},"end":{"line":57,"column":55}},"23":{"start":{"line":58,"column":6},"end":{"line":58,"column":60}},"24":{"start":{"line":63,"column":21},"end":{"line":92,"column":3}},"25":{"start":{"line":64,"column":4},"end":{"line":91,"column":5}},"26":{"start":{"line":65,"column":23},"end":{"line":65,"column":42}},"27":{"start":{"line":66,"column":6},"end":{"line":69,"column":7}},"28":{"start":{"line":67,"column":8},"end":{"line":67,"column":94}},"29":{"start":{"line":68,"column":8},"end":{"line":68,"column":15}},"30":{"start":{"line":71,"column":38},"end":{"line":83,"column":7}},"31":{"start":{"line":76,"column":36},"end":{"line":82,"column":9}},"32":{"start":{"line":85,"column":6},"end":{"line":85,"column":40}},"33":{"start":{"line":86,"column":6},"end":{"line":86,"column":65}},"34":{"start":{"line":87,"column":6},"end":{"line":87,"column":52}},"35":{"start":{"line":89,"column":6},"end":{"line":89,"column":62}},"36":{"start":{"line":90,"column":6},"end":{"line":90,"column":63}},"37":{"start":{"line":94,"column":2},"end":{"line":129,"column":4}}},"fnMap":{"0":{"name":"TaskForm","decl":{"start":{"line":23,"column":24},"end":{"line":23,"column":32}},"loc":{"start":{"line":23,"column":35},"end":{"line":130,"column":1}},"line":23},"1":{"name":"(anonymous_1)","decl":{"start":{"line":40,"column":14},"end":{"line":40,"column":15}},"loc":{"start":{"line":40,"column":40},"end":{"line":49,"column":3}},"line":40},"2":{"name":"(anonymous_2)","decl":{"start":{"line":41,"column":38},"end":{"line":41,"column":39}},"loc":{"start":{"line":41,"column":45},"end":{"line":41,"column":60}},"line":41},"3":{"name":"(anonymous_3)","decl":{"start":{"line":52,"column":25},"end":{"line":52,"column":26}},"loc":{"start":{"line":52,"column":51},"end":{"line":60,"column":3}},"line":52},"4":{"name":"(anonymous_4)","decl":{"start":{"line":53,"column":38},"end":{"line":53,"column":39}},"loc":{"start":{"line":53,"column":45},"end":{"line":53,"column":60}},"line":53},"5":{"name":"(anonymous_5)","decl":{"start":{"line":63,"column":21},"end":{"line":63,"column":22}},"loc":{"start":{"line":63,"column":33},"end":{"line":92,"column":3}},"line":63},"6":{"name":"(anonymous_6)","decl":{"start":{"line":76,"column":25},"end":{"line":76,"column":26}},"loc":{"start":{"line":76,"column":36},"end":{"line":82,"column":9}},"line":76}},"branchMap":{"0":{"loc":{"start":{"line":25,"column":19},"end":{"line":25,"column":69}},"type":"binary-expr","locations":[{"start":{"line":25,"column":19},"end":{"line":25,"column":41}},{"start":{"line":25,"column":45},"end":{"line":25,"column":69}}],"line":25},"1":{"loc":{"start":{"line":29,"column":45},"end":{"line":29,"column":65}},"type":"binary-expr","locations":[{"start":{"line":29,"column":45},"end":{"line":29,"column":59}},{"start":{"line":29,"column":63},"end":{"line":29,"column":65}}],"line":29},"2":{"loc":{"start":{"line":42,"column":4},"end":{"line":42,"column":33}},"type":"if","locations":[{"start":{"line":42,"column":4},"end":{"line":42,"column":33}},{"start":{},"end":{}}],"line":42},"3":{"loc":{"start":{"line":54,"column":4},"end":{"line":54,"column":33}},"type":"if","locations":[{"start":{"line":54,"column":4},"end":{"line":54,"column":33}},{"start":{},"end":{}}],"line":54},"4":{"loc":{"start":{"line":56,"column":4},"end":{"line":59,"column":5}},"type":"if","locations":[{"start":{"line":56,"column":4},"end":{"line":59,"column":5}},{"start":{},"end":{}}],"line":56},"5":{"loc":{"start":{"line":57,"column":23},"end":{"line":57,"column":55}},"type":"binary-expr","locations":[{"start":{"line":57,"column":23},"end":{"line":57,"column":49}},{"start":{"line":57,"column":53},"end":{"line":57,"column":55}}],"line":57},"6":{"loc":{"start":{"line":66,"column":6},"end":{"line":69,"column":7}},"type":"if","locations":[{"start":{"line":66,"column":6},"end":{"line":69,"column":7}},{"start":{},"end":{}}],"line":66},"7":{"loc":{"start":{"line":77,"column":14},"end":{"line":77,"column":33}},"type":"binary-expr","locations":[{"start":{"line":77,"column":14},"end":{"line":77,"column":21}},{"start":{"line":77,"column":25},"end":{"line":77,"column":33}}],"line":77},"8":{"loc":{"start":{"line":78,"column":17},"end":{"line":78,"column":45}},"type":"binary-expr","locations":[{"start":{"line":78,"column":17},"end":{"line":78,"column":27}},{"start":{"line":78,"column":31},"end":{"line":78,"column":45}}],"line":78},"9":{"loc":{"start":{"line":79,"column":21},"end":{"line":79,"column":41}},"type":"binary-expr","locations":[{"start":{"line":79,"column":21},"end":{"line":79,"column":35}},{"start":{"line":79,"column":39},"end":{"line":79,"column":41}}],"line":79},"10":{"loc":{"start":{"line":80,"column":31},"end":{"line":80,"column":61}},"type":"binary-expr","locations":[{"start":{"line":80,"column":31},"end":{"line":80,"column":55}},{"start":{"line":80,"column":59},"end":{"line":80,"column":61}}],"line":80}},"s":{"0":7,"1":7,"2":7,"3":7,"4":7,"5":7,"6":7,"7":7,"8":1,"9":1,"10":1,"11":0,"12":1,"13":1,"14":1,"15":7,"16":1,"17":1,"18":1,"19":0,"20":1,"21":1,"22":1,"23":1,"24":7,"25":3,"26":3,"27":3,"28":1,"29":1,"30":2,"31":2,"32":2,"33":1,"34":1,"35":1,"36":1,"37":7},"f":{"0":7,"1":1,"2":1,"3":1,"4":1,"5":3,"6":2},"b":{"0":[7,0],"1":[7,0],"2":[0,1],"3":[0,1],"4":[1,0],"5":[1,0],"6":[1,2],"7":[2,0],"8":[2,0],"9":[2,2],"10":[2,2]},"_coverageSchema":"1a1c01bbd47fc00a2c39e90264f33305004495a9","hash":"c8ec40f30cf48edf9d7697c61bef367788c53852"}
,"/Users/olo/ViveCheck/src/context/appReducer.ts": {"path":"/Users/olo/ViveCheck/src/context/appReducer.ts","statementMap":{"0":{"start":{"line":12,"column":35},"end":{"line":14,"column":1}},"1":{"start":{"line":17,"column":2},"end":{"line":25,"column":3}},"2":{"start":{"line":19,"column":6},"end":{"line":22,"column":8}},"3":{"start":{"line":24,"column":6},"end":{"line":24,"column":19}}},"fnMap":{"0":{"name":"appReducer","decl":{"start":{"line":16,"column":24},"end":{"line":16,"column":34}},"loc":{"start":{"line":16,"column":87},"end":{"line":26,"column":1}},"line":16}},"branchMap":{"0":{"loc":{"start":{"line":16,"column":35},"end":{"line":16,"column":62}},"type":"default-arg","locations":[{"start":{"line":16,"column":50},"end":{"line":16,"column":62}}],"line":16},"1":{"loc":{"start":{"line":17,"column":2},"end":{"line":25,"column":3}},"type":"switch","locations":[{"start":{"line":18,"column":4},"end":{"line":22,"column":8}},{"start":{"line":23,"column":4},"end":{"line":24,"column":19}}],"line":17}},"s":{"0":1,"1":6,"2":5,"3":1},"f":{"0":6},"b":{"0":[0],"1":[5,1]},"_coverageSchema":"1a1c01bbd47fc00a2c39e90264f33305004495a9","hash":"fc6f14caea7fdbff144e188089d90d62731c9b78"}
,"/Users/olo/ViveCheck/src/data/categories.ts": {"path":"/Users/olo/ViveCheck/src/data/categories.ts","statementMap":{"0":{"start":{"line":18,"column":45},"end":{"line":286,"column":1}},"1":{"start":{"line":293,"column":34},"end":{"line":294,"column":54}},"2":{"start":{"line":294,"column":2},"end":{"line":294,"column":54}},"3":{"start":{"line":294,"column":34},"end":{"line":294,"column":53}}},"fnMap":{"0":{"name":"(anonymous_0)","decl":{"start":{"line":293,"column":34},"end":{"line":293,"column":35}},"loc":{"start":{"line":294,"column":2},"end":{"line":294,"column":54}},"line":294},"1":{"name":"(anonymous_1)","decl":{"start":{"line":294,"column":25},"end":{"line":294,"column":26}},"loc":{"start":{"line":294,"column":34},"end":{"line":294,"column":53}},"line":294}},"branchMap":{},"s":{"0":2,"1":2,"2":1,"3":2},"f":{"0":1,"1":2},"b":{},"_coverageSchema":"1a1c01bbd47fc00a2c39e90264f33305004495a9","hash":"61c1001613751deaea2d9c23f03655a1903ab967"}
,"/Users/olo/ViveCheck/src/storage/fileHelpers.ts": {"path":"/Users/olo/ViveCheck/src/storage/fileHelpers.ts","statementMap":{"0":{"start":{"line":7,"column":18},"end":{"line":7,"column":96}},"1":{"start":{"line":15,"column":2},"end":{"line":65,"column":3}},"2":{"start":{"line":16,"column":4},"end":{"line":19,"column":5}},"3":{"start":{"line":17,"column":6},"end":{"line":17,"column":66}},"4":{"start":{"line":18,"column":6},"end":{"line":18,"column":18}},"5":{"start":{"line":21,"column":4},"end":{"line":24,"column":5}},"6":{"start":{"line":22,"column":6},"end":{"line":22,"column":47}},"7":{"start":{"line":23,"column":6},"end":{"line":23,"column":18}},"8":{"start":{"line":27,"column":20},"end":{"line":27,"column":60}},"9":{"start":{"line":28,"column":4},"end":{"line":30,"column":5}},"10":{"start":{"line":29,"column":6},"end":{"line":29,"column":78}},"11":{"start":{"line":33,"column":20},"end":{"line":33,"column":68}},"12":{"start":{"line":34,"column":16},"end":{"line":34,"column":87}},"13":{"start":{"line":36,"column":21},"end":{"line":36,"column":84}},"14":{"start":{"line":37,"column":20},"end":{"line":37,"column":40}},"15":{"start":{"line":40,"column":4},"end":{"line":40,"column":62}},"16":{"start":{"line":43,"column":20},"end":{"line":43,"column":54}},"17":{"start":{"line":44,"column":4},"end":{"line":47,"column":5}},"18":{"start":{"line":45,"column":6},"end":{"line":45,"column":56}},"19":{"start":{"line":46,"column":6},"end":{"line":46,"column":18}},"20":{"start":{"line":50,"column":4},"end":{"line":53,"column":7}},"21":{"start":{"line":57,"column":20},"end":{"line":57,"column":27}},"22":{"start":{"line":58,"column":4},"end":{"line":60,"column":5}},"23":{"start":{"line":59,"column":6},"end":{"line":59,"column":40}},"24":{"start":{"line":61,"column":4},"end":{"line":61,"column":21}},"25":{"start":{"line":63,"column":4},"end":{"line":63,"column":72}},"26":{"start":{"line":64,"column":4},"end":{"line":64,"column":75}}},"fnMap":{"0":{"name":"savePhotoToAppDirectory","decl":{"start":{"line":14,"column":22},"end":{"line":14,"column":45}},"loc":{"start":{"line":14,"column":83},"end":{"line":66,"column":1}},"line":14}},"branchMap":{"0":{"loc":{"start":{"line":7,"column":18},"end":{"line":7,"column":96}},"type":"cond-expr","locations":[{"start":{"line":7,"column":49},"end":{"line":7,"column":89}},{"start":{"line":7,"column":92},"end":{"line":7,"column":96}}],"line":7},"1":{"loc":{"start":{"line":16,"column":4},"end":{"line":19,"column":5}},"type":"if","locations":[{"start":{"line":16,"column":4},"end":{"line":19,"column":5}},{"start":{},"end":{}}],"line":16},"2":{"loc":{"start":{"line":21,"column":4},"end":{"line":24,"column":5}},"type":"if","locations":[{"start":{"line":21,"column":4},"end":{"line":24,"column":5}},{"start":{},"end":{}}],"line":21},"3":{"loc":{"start":{"line":21,"column":8},"end":{"line":21,"column":60}},"type":"binary-expr","locations":[{"start":{"line":21,"column":8},"end":{"line":21,"column":12}},{"start":{"line":21,"column":16},"end":{"line":21,"column":39}},{"start":{"line":21,"column":43},"end":{"line":21,"column":60}}],"line":21},"4":{"loc":{"start":{"line":28,"column":4},"end":{"line":30,"column":5}},"type":"if","locations":[{"start":{"line":28,"column":4},"end":{"line":30,"column":5}},{"start":{},"end":{}}],"line":28},"5":{"loc":{"start":{"line":33,"column":20},"end":{"line":33,"column":68}},"type":"binary-expr","locations":[{"start":{"line":33,"column":21},"end":{"line":33,"column":24}},{"start":{"line":33,"column":28},"end":{"line":33,"column":48}},{"start":{"line":33,"column":53},"end":{"line":33,"column":68}}],"line":33},"6":{"loc":{"start":{"line":34,"column":16},"end":{"line":34,"column":87}},"type":"binary-expr","locations":[{"start":{"line":34,"column":17},"end":{"line":34,"column":24}},{"start":{"line":34,"column":28},"end":{"line":34,"column":49}},{"start":{"line":34,"column":53},"end":{"line":34,"column":77}},{"start":{"line":34,"column":82},"end":{"line":34,"column":87}}],"line":34},"7":{"loc":{"start":{"line":44,"column":4},"end":{"line":47,"column":5}},"type":"if","locations":[{"start":{"line":44,"column":4},"end":{"line":47,"column":5}},{"start":{},"end":{}}],"line":44},"8":{"loc":{"start":{"line":58,"column":4},"end":{"line":60,"column":5}},"type":"if","locations":[{"start":{"line":58,"column":4},"end":{"line":60,"column":5}},{"start":{},"end":{}}],"line":58}},"s":{"0":1,"1":7,"2":7,"3":0,"4":0,"5":7,"6":0,"7":0,"8":7,"9":7,"10":0,"11":7,"12":7,"13":7,"14":7,"15":7,"16":7,"17":7,"18":1,"19":1,"20":6,"21":5,"22":5,"23":0,"24":5,"25":1,"26":1},"f":{"0":7},"b":{"0":[1,0],"1":[0,7],"2":[0,7],"3":[7,7,7],"4":[0,7],"5":[7,7,0],"6":[7,7,7,0],"7":[1,6],"8":[0,5]},"_coverageSchema":"1a1c01bbd47fc00a2c39e90264f33305004495a9","hash":"44d0125c4e7d024c6cccf503d7581f6a9f64df12"}
,"/Users/olo/ViveCheck/src/storage/storageHelpers.ts": {"path":"/Users/olo/ViveCheck/src/storage/storageHelpers.ts","statementMap":{"0":{"start":{"line":9,"column":29},"end":{"line":20,"column":1}},"1":{"start":{"line":10,"column":2},"end":{"line":19,"column":3}},"2":{"start":{"line":11,"column":18},"end":{"line":11,"column":34}},"3":{"start":{"line":12,"column":4},"end":{"line":14,"column":7}},"4":{"start":{"line":13,"column":6},"end":{"line":13,"column":49}},"5":{"start":{"line":15,"column":4},"end":{"line":15,"column":18}},"6":{"start":{"line":17,"column":4},"end":{"line":17,"column":63}},"7":{"start":{"line":26,"column":30},"end":{"line":53,"column":1}},"8":{"start":{"line":27,"column":2},"end":{"line":52,"column":3}},"9":{"start":{"line":28,"column":18},"end":{"line":28,"column":34}},"10":{"start":{"line":29,"column":16},"end":{"line":29,"column":47}},"11":{"start":{"line":31,"column":4},"end":{"line":48,"column":8}},"12":{"start":{"line":31,"column":30},"end":{"line":48,"column":5}},"13":{"start":{"line":42,"column":43},"end":{"line":47,"column":7}},"14":{"start":{"line":50,"column":4},"end":{"line":50,"column":52}},"15":{"start":{"line":51,"column":4},"end":{"line":51,"column":14}}},"fnMap":{"0":{"name":"(anonymous_0)","decl":{"start":{"line":9,"column":29},"end":{"line":9,"column":30}},"loc":{"start":{"line":9,"column":61},"end":{"line":20,"column":1}},"line":9},"1":{"name":"(anonymous_1)","decl":{"start":{"line":12,"column":16},"end":{"line":12,"column":17}},"loc":{"start":{"line":12,"column":22},"end":{"line":14,"column":5}},"line":12},"2":{"name":"(anonymous_2)","decl":{"start":{"line":26,"column":30},"end":{"line":26,"column":31}},"loc":{"start":{"line":26,"column":64},"end":{"line":53,"column":1}},"line":26},"3":{"name":"(anonymous_3)","decl":{"start":{"line":31,"column":19},"end":{"line":31,"column":20}},"loc":{"start":{"line":31,"column":30},"end":{"line":48,"column":5}},"line":31},"4":{"name":"(anonymous_4)","decl":{"start":{"line":42,"column":28},"end":{"line":42,"column":29}},"loc":{"start":{"line":42,"column":43},"end":{"line":47,"column":7}},"line":42}},"branchMap":{"0":{"loc":{"start":{"line":40,"column":16},"end":{"line":40,"column":62}},"type":"binary-expr","locations":[{"start":{"line":40,"column":16},"end":{"line":40,"column":29}},{"start":{"line":40,"column":33},"end":{"line":40,"column":62}}],"line":40},"1":{"loc":{"start":{"line":41,"column":16},"end":{"line":41,"column":35}},"type":"binary-expr","locations":[{"start":{"line":41,"column":16},"end":{"line":41,"column":29}},{"start":{"line":41,"column":33},"end":{"line":41,"column":35}}],"line":41},"2":{"loc":{"start":{"line":45,"column":19},"end":{"line":45,"column":38}},"type":"binary-expr","locations":[{"start":{"line":45,"column":19},"end":{"line":45,"column":32}},{"start":{"line":45,"column":36},"end":{"line":45,"column":38}}],"line":45},"3":{"loc":{"start":{"line":46,"column":29},"end":{"line":46,"column":58}},"type":"binary-expr","locations":[{"start":{"line":46,"column":29},"end":{"line":46,"column":52}},{"start":{"line":46,"column":56},"end":{"line":46,"column":58}}],"line":46}},"s":{"0":1,"1":1,"2":1,"3":1,"4":1,"5":1,"6":0,"7":1,"8":1,"9":1,"10":1,"11":1,"12":1,"13":2,"14":0,"15":0},"f":{"0":1,"1":1,"2":1,"3":1,"4":2},"b":{"0":[1,0],"1":[1,0],"2":[2,1],"3":[2,1]},"_coverageSchema":"1a1c01bbd47fc00a2c39e90264f33305004495a9","hash":"240d671988b88d37a33d048aafb273af102583e7"}
,"/Users/olo/ViveCheck/src/styles/Checklist/TaskForm.styles.tsx": {"path":"/Users/olo/ViveCheck/src/styles/Checklist/TaskForm.styles.tsx","statementMap":{"0":{"start":{"line":3,"column":22},"end":{"line":15,"column":2}}},"fnMap":{},"branchMap":{},"s":{"0":2},"f":{},"b":{},"_coverageSchema":"1a1c01bbd47fc00a2c39e90264f33305004495a9","hash":"61acc8533c32babd9e63a9961b58357ced04408a"}
,"/Users/olo/ViveCheck/src/utils/pdfTemplate.ts": {"path":"/Users/olo/ViveCheck/src/utils/pdfTemplate.ts","statementMap":{"0":{"start":{"line":9,"column":2},"end":{"line":26,"column":4}},"1":{"start":{"line":11,"column":37},"end":{"line":11,"column":39}},"2":{"start":{"line":12,"column":6},"end":{"line":23,"column":7}},"3":{"start":{"line":13,"column":8},"end":{"line":22,"column":9}},"4":{"start":{"line":14,"column":10},"end":{"line":21,"column":11}},"5":{"start":{"line":15,"column":27},"end":{"line":17,"column":14}},"6":{"start":{"line":18,"column":12},"end":{"line":18,"column":68}},"7":{"start":{"line":20,"column":12},"end":{"line":20,"column":48}},"8":{"start":{"line":24,"column":6},"end":{"line":24,"column":41}},"9":{"start":{"line":36,"column":2},"end":{"line":61,"column":4}},"10":{"start":{"line":43,"column":26},"end":{"line":58,"column":5}},"11":{"start":{"line":48,"column":27},"end":{"line":54,"column":9}},"12":{"start":{"line":51,"column":111},"end":{"line":51,"column":180}}},"fnMap":{"0":{"name":"prepareTasksWithBase64","decl":{"start":{"line":8,"column":22},"end":{"line":8,"column":44}},"loc":{"start":{"line":8,"column":59},"end":{"line":27,"column":1}},"line":8},"1":{"name":"(anonymous_1)","decl":{"start":{"line":10,"column":14},"end":{"line":10,"column":15}},"loc":{"start":{"line":10,"column":30},"end":{"line":25,"column":5}},"line":10},"2":{"name":"generateChecklistHTML","decl":{"start":{"line":35,"column":16},"end":{"line":35,"column":37}},"loc":{"start":{"line":35,"column":91},"end":{"line":62,"column":1}},"line":35},"3":{"name":"(anonymous_3)","decl":{"start":{"line":43,"column":8},"end":{"line":43,"column":9}},"loc":{"start":{"line":43,"column":26},"end":{"line":58,"column":5}},"line":43},"4":{"name":"(anonymous_4)","decl":{"start":{"line":48,"column":12},"end":{"line":48,"column":13}},"loc":{"start":{"line":48,"column":27},"end":{"line":54,"column":9}},"line":48},"5":{"name":"(anonymous_5)","decl":{"start":{"line":51,"column":94},"end":{"line":51,"column":95}},"loc":{"start":{"line":51,"column":111},"end":{"line":51,"column":180}},"line":51}},"branchMap":{"0":{"loc":{"start":{"line":12,"column":6},"end":{"line":23,"column":7}},"type":"if","locations":[{"start":{"line":12,"column":6},"end":{"line":23,"column":7}},{"start":{},"end":{}}],"line":12},"1":{"loc":{"start":{"line":12,"column":10},"end":{"line":12,"column":68}},"type":"binary-expr","locations":[{"start":{"line":12,"column":10},"end":{"line":12,"column":39}},{"start":{"line":12,"column":43},"end":{"line":12,"column":68}}],"line":12},"2":{"loc":{"start":{"line":38,"column":22},"end":{"line":38,"column":43}},"type":"binary-expr","locations":[{"start":{"line":38,"column":22},"end":{"line":38,"column":36}},{"start":{"line":38,"column":40},"end":{"line":38,"column":43}}],"line":38},"3":{"loc":{"start":{"line":39,"column":26},"end":{"line":39,"column":51}},"type":"binary-expr","locations":[{"start":{"line":39,"column":26},"end":{"line":39,"column":44}},{"start":{"line":39,"column":48},"end":{"line":39,"column":51}}],"line":39},"4":{"loc":{"start":{"line":50,"column":17},"end":{"line":50,"column":45}},"type":"binary-expr","locations":[{"start":{"line":50,"column":17},"end":{"line":50,"column":27}},{"start":{"line":50,"column":31},"end":{"line":50,"column":45}}],"line":50},"5":{"loc":{"start":{"line":51,"column":14},"end":{"line":51,"column":195}},"type":"cond-expr","locations":[{"start":{"line":51,"column":70},"end":{"line":51,"column":190}},{"start":{"line":51,"column":193},"end":{"line":51,"column":195}}],"line":51},"6":{"loc":{"start":{"line":51,"column":14},"end":{"line":51,"column":67}},"type":"binary-expr","locations":[{"start":{"line":51,"column":14},"end":{"line":51,"column":33}},{"start":{"line":51,"column":37},"end":{"line":51,"column":67}}],"line":51},"7":{"loc":{"start":{"line":52,"column":27},"end":{"line":52,"column":44}},"type":"binary-expr","locations":[{"start":{"line":52,"column":27},"end":{"line":52,"column":37}},{"start":{"line":52,"column":41},"end":{"line":52,"column":44}}],"line":52}},"s":{"0":1,"1":3,"2":3,"3":1,"4":2,"5":2,"6":2,"7":0,"8":3,"9":2,"10":3,"11":4,"12":4},"f":{"0":1,"1":3,"2":2,"3":3,"4":4,"5":4},"b":{"0":[1,2],"1":[3,2],"2":[2,1],"3":[2,1],"4":[4,0],"5":[3,1],"6":[4,4],"7":[4,1]},"_coverageSchema":"1a1c01bbd47fc00a2c39e90264f33305004495a9","hash":"2dde7851c9508e96b9c05432928a70ec460f02f9"}
}
