TN:
SF:app/screens/Checklist/CategoryCheckScreen.tsx
FN:8,(anonymous_0)
FN:9,(anonymous_1)
FN:15,CategoryCheckScreen
FN:21,(anonymous_3)
FN:39,(anonymous_4)
FN:40,(anonymous_5)
FNF:6
FNH:6
FNDA:56,(anonymous_0)
FNDA:1,(anonymous_1)
FNDA:8,CategoryCheckScreen
FNDA:1,(anonymous_3)
FNDA:64,(anonymous_4)
FNDA:56,(anonymous_5)
DA:7,1
DA:9,56
DA:16,8
DA:17,8
DA:18,8
DA:19,8
DA:20,8
DA:21,8
DA:23,1
DA:34,8
DA:39,64
DA:40,56
DA:47,1
LF:13
LH:13
BRDA:28,0,0,0
BRDA:28,0,1,1
BRDA:29,1,0,0
BRDA:29,1,1,1
BRF:4
BRH:2
end_of_record
TN:
SF:app/screens/Checklist/ChecklistDetailsScreen.tsx
FN:11,ChecklistDetailsScreen
FN:16,(anonymous_1)
FN:18,(anonymous_2)
FN:34,(anonymous_3)
FN:79,(anonymous_4)
FN:95,(anonymous_5)
FN:112,(anonymous_6)
FN:132,(anonymous_7)
FN:159,(anonymous_8)
FNF:9
FNH:8
FNDA:4,ChecklistDetailsScreen
FNDA:2,(anonymous_1)
FNDA:2,(anonymous_2)
FNDA:2,(anonymous_3)
FNDA:0,(anonymous_4)
FNDA:1,(anonymous_5)
FNDA:1,(anonymous_6)
FNDA:1,(anonymous_7)
FNDA:1,(anonymous_8)
DA:12,4
DA:13,4
DA:14,4
DA:16,4
DA:18,2
DA:19,2
DA:20,2
DA:21,2
DA:23,2
DA:26,2
DA:31,0
DA:34,2
DA:35,2
DA:36,2
DA:41,4
DA:42,2
DA:49,2
DA:81,0
DA:82,0
DA:97,1
DA:98,1
DA:113,1
DA:115,1
DA:116,1
DA:117,1
DA:118,0
DA:119,0
DA:121,1
DA:124,1
DA:129,1
DA:131,1
DA:133,1
DA:134,1
DA:135,1
DA:136,1
DA:137,1
DA:138,1
DA:139,1
DA:140,1
DA:141,1
DA:144,1
DA:145,1
DA:148,0
DA:152,0
DA:154,1
DA:158,1
DA:160,1
DA:161,1
DA:162,1
DA:163,1
DA:168,1
DA:169,1
DA:174,1
DA:175,1
DA:176,1
DA:178,1
DA:179,1
DA:181,0
DA:184,0
DA:195,1
LF:60
LH:51
BRDA:21,0,0,2
BRDA:21,0,1,0
BRDA:35,1,0,2
BRDA:35,1,1,0
BRDA:35,2,0,2
BRDA:35,2,1,2
BRDA:41,3,0,2
BRDA:41,3,1,2
BRDA:55,4,0,2
BRDA:55,4,1,0
BRDA:61,5,0,2
BRDA:61,5,1,0
BRDA:63,6,0,2
BRDA:63,6,1,0
BRDA:65,7,0,2
BRDA:65,7,1,0
BRDA:67,8,0,2
BRDA:67,8,1,0
BRDA:69,9,0,2
BRDA:69,9,1,0
BRDA:72,10,0,2
BRDA:72,10,1,0
BRDA:81,11,0,0
BRDA:81,11,1,0
BRDA:97,12,0,1
BRDA:97,12,1,0
BRDA:117,13,0,0
BRDA:117,13,1,1
BRDA:134,14,0,1
BRDA:134,14,1,0
BRDA:135,15,0,1
BRDA:135,15,1,0
BRDA:140,16,0,1
BRDA:140,16,1,0
BRDA:152,17,0,0
BRDA:152,17,1,0
BRDA:160,18,0,1
BRDA:160,18,1,0
BRDA:161,19,0,1
BRDA:161,19,1,0
BRDA:175,20,0,1
BRDA:175,20,1,0
BRDA:175,21,0,1
BRDA:175,21,1,1
BRDA:178,22,0,1
BRDA:178,22,1,0
BRDA:178,23,0,1
BRDA:178,23,1,1
BRF:48
BRH:26
end_of_record
TN:
SF:app/screens/Checklist/ChecklistScreen.tsx
FN:19,ChecklistaFormScreen
FN:26,(anonymous_1)
FN:49,(anonymous_2)
FN:50,(anonymous_3)
FN:70,(anonymous_4)
FN:73,(anonymous_5)
FN:77,(anonymous_6)
FN:80,(anonymous_7)
FN:87,(anonymous_8)
FN:89,(anonymous_9)
FN:92,(anonymous_10)
FN:185,(anonymous_11)
FN:208,(anonymous_12)
FN:215,(anonymous_13)
FN:229,(anonymous_14)
FN:240,(anonymous_15)
FN:274,(anonymous_16)
FN:279,(anonymous_17)
FNF:18
FNH:15
FNDA:34,ChecklistaFormScreen
FNDA:3,(anonymous_1)
FNDA:33,(anonymous_2)
FNDA:33,(anonymous_3)
FNDA:6,(anonymous_4)
FNDA:6,(anonymous_5)
FNDA:0,(anonymous_6)
FNDA:6,(anonymous_7)
FNDA:6,(anonymous_8)
FNDA:6,(anonymous_9)
FNDA:6,(anonymous_10)
FNDA:4,(anonymous_11)
FNDA:3,(anonymous_12)
FNDA:3,(anonymous_13)
FNDA:3,(anonymous_14)
FNDA:3,(anonymous_15)
FNDA:0,(anonymous_16)
FNDA:0,(anonymous_17)
DA:20,34
DA:21,34
DA:22,34
DA:25,34
DA:26,3
DA:30,34
DA:33,34
DA:34,33
DA:35,33
DA:38,33
DA:41,33
DA:44,33
DA:49,33
DA:50,33
DA:58,33
DA:61,33
DA:63,33
DA:64,33
DA:70,33
DA:72,6
DA:74,6
DA:75,6
DA:80,6
DA:81,6
DA:82,6
DA:87,33
DA:88,6
DA:89,6
DA:90,6
DA:92,6
DA:93,6
DA:98,33
DA:99,2
DA:107,31
DA:187,4
DA:188,4
DA:189,4
DA:190,4
DA:191,1
DA:196,3
DA:197,3
DA:198,3
DA:200,4
DA:201,4
DA:203,4
DA:204,1
DA:205,1
DA:207,3
DA:208,3
DA:215,3
DA:216,3
DA:229,3
DA:240,3
DA:241,3
DA:242,3
DA:243,3
DA:255,3
DA:257,3
DA:273,3
DA:274,0
DA:275,0
DA:276,0
DA:277,0
DA:278,0
DA:279,0
DA:280,0
DA:281,0
DA:282,0
DA:283,0
DA:291,0
DA:296,0
DA:297,0
DA:316,1
LF:73
LH:60
BRDA:25,0,0,5
BRDA:25,0,1,29
BRDA:30,1,0,34
BRDA:30,1,1,5
BRDA:33,2,0,3
BRDA:33,2,1,31
BRDA:33,3,0,3
BRDA:33,3,1,0
BRDA:34,4,0,2
BRDA:34,4,1,31
BRDA:34,5,0,2
BRDA:34,5,1,0
BRDA:36,6,0,2
BRDA:36,6,1,31
BRDA:36,7,0,2
BRDA:36,7,1,0
BRDA:39,8,0,2
BRDA:39,8,1,31
BRDA:39,9,0,2
BRDA:39,9,1,0
BRDA:42,10,0,2
BRDA:42,10,1,31
BRDA:42,11,0,2
BRDA:42,11,1,0
BRDA:45,12,0,2
BRDA:45,12,1,31
BRDA:45,13,0,2
BRDA:45,13,1,0
BRDA:50,14,0,33
BRDA:50,14,1,0
BRDA:81,15,0,6
BRDA:81,15,1,0
BRDA:81,16,0,6
BRDA:81,16,1,6
BRDA:90,17,0,6
BRDA:90,17,1,0
BRDA:98,18,0,2
BRDA:98,18,1,31
BRDA:98,19,0,33
BRDA:98,19,1,4
BRDA:166,20,0,31
BRDA:166,20,1,2
BRDA:170,21,0,2
BRDA:170,21,1,0
BRDA:175,22,0,2
BRDA:175,22,1,0
BRDA:180,23,0,31
BRDA:180,23,1,29
BRDA:182,24,0,25
BRDA:182,24,1,4
BRDA:190,25,0,1
BRDA:190,25,1,3
BRDA:203,26,0,1
BRDA:203,26,1,3
BRDA:210,27,0,3
BRDA:210,27,1,0
BRDA:233,28,0,3
BRDA:233,28,1,3
BRDA:234,29,0,3
BRDA:234,29,1,3
BRDA:242,30,0,3
BRDA:242,30,1,0
BRDA:247,31,0,3
BRDA:247,31,1,0
BRDA:273,32,0,0
BRDA:273,32,1,3
BRDA:273,33,0,3
BRDA:273,33,1,2
BRDA:277,34,0,0
BRDA:277,34,1,0
BRDA:281,35,0,0
BRDA:281,35,1,0
BRDA:300,36,0,0
BRDA:300,36,1,0
BRF:74
BRH:53
end_of_record
TN:
SF:app/screens/Checklist/CompletedChecklistsScreen.tsx
FN:11,isOnline
FN:15,(anonymous_1)
FN:28,syncChecklistsIfNeeded
FN:35,CompletedChecklistsScreen
FN:43,(anonymous_4)
FN:46,(anonymous_5)
FN:54,(anonymous_6)
FN:62,(anonymous_7)
FN:74,(anonymous_8)
FN:80,(anonymous_9)
FN:93,(anonymous_10)
FN:94,(anonymous_11)
FN:98,(anonymous_12)
FN:118,(anonymous_13)
FN:121,(anonymous_14)
FNF:15
FNH:12
FNDA:216,isOnline
FNDA:0,(anonymous_1)
FNDA:73,syncChecklistsIfNeeded
FNDA:217,CompletedChecklistsScreen
FNDA:216,(anonymous_4)
FNDA:216,(anonymous_5)
FNDA:5,(anonymous_6)
FNDA:1,(anonymous_7)
FNDA:216,(anonymous_8)
FNDA:0,(anonymous_9)
FNDA:281,(anonymous_10)
FNDA:277,(anonymous_11)
FNDA:0,(anonymous_12)
FNDA:1,(anonymous_13)
FNDA:1,(anonymous_14)
DA:12,216
DA:13,216
DA:14,216
DA:15,216
DA:16,216
DA:20,73
DA:21,73
DA:23,0
DA:32,73
DA:36,217
DA:37,216
DA:38,216
DA:41,216
DA:43,216
DA:44,216
DA:46,216
DA:47,216
DA:48,216
DA:49,216
DA:52,216
DA:53,5
DA:54,5
DA:55,5
DA:58,5
DA:59,3
DA:60,3
DA:61,3
DA:62,1
DA:63,1
DA:74,216
DA:75,216
DA:76,73
DA:77,73
DA:80,216
DA:81,0
DA:82,0
DA:87,216
DA:93,281
DA:95,277
DA:99,0
DA:119,1
DA:120,1
DA:121,1
DA:122,1
DA:125,1
DA:126,1
DA:127,1
DA:129,1
DA:130,1
DA:131,1
DA:133,0
DA:147,1
LF:52
LH:47
BRDA:52,0,0,5
BRDA:52,0,1,211
BRDA:61,1,0,1
BRDA:61,1,1,2
BRDA:76,2,0,73
BRDA:76,2,1,0
BRDA:81,3,0,0
BRDA:81,3,1,0
BRDA:81,4,0,0
BRDA:81,4,1,0
BRDA:105,5,0,277
BRDA:105,5,1,0
BRDA:107,6,0,277
BRDA:107,6,1,0
BRDA:127,7,0,1
BRDA:127,7,1,0
BRF:16
BRH:8
end_of_record
TN:
SF:app/screens/Checklist/TaskCarouselScreen.tsx
FN:12,TaskCarouselScreen
FN:27,(anonymous_1)
FN:29,(anonymous_2)
FN:56,(anonymous_3)
FN:65,(anonymous_4)
FN:66,(anonymous_5)
FN:76,(anonymous_6)
FN:97,(anonymous_7)
FN:98,(anonymous_8)
FN:117,(anonymous_9)
FN:141,(anonymous_10)
FN:142,(anonymous_11)
FN:161,(anonymous_12)
FNF:13
FNH:6
FNDA:3981,TaskCarouselScreen
FNDA:3980,(anonymous_1)
FNDA:3980,(anonymous_2)
FNDA:0,(anonymous_3)
FNDA:0,(anonymous_4)
FNDA:0,(anonymous_5)
FNDA:0,(anonymous_6)
FNDA:0,(anonymous_7)
FNDA:0,(anonymous_8)
FNDA:0,(anonymous_9)
FNDA:2,(anonymous_10)
FNDA:2,(anonymous_11)
FNDA:1,(anonymous_12)
DA:13,3981
DA:14,3981
DA:15,3981
DA:16,3981
DA:17,3981
DA:19,3981
DA:20,3980
DA:21,3980
DA:22,3980
DA:23,3980
DA:24,3980
DA:26,3980
DA:29,3980
DA:30,3980
DA:31,3980
DA:32,3980
DA:33,3980
DA:34,3980
DA:35,3980
DA:36,291
DA:38,3980
DA:39,3980
DA:40,3980
DA:41,3980
DA:42,1766
DA:45,1766
DA:47,2214
DA:48,2214
DA:51,0
DA:52,0
DA:53,0
DA:56,3980
DA:57,0
DA:58,0
DA:65,3980
DA:66,0
DA:67,0
DA:68,0
DA:69,0
DA:73,0
DA:74,0
DA:75,0
DA:76,0
DA:77,0
DA:80,0
DA:81,0
DA:84,0
DA:85,0
DA:86,0
DA:88,0
DA:90,0
DA:96,3980
DA:97,3980
DA:98,0
DA:99,0
DA:100,0
DA:101,0
DA:103,0
DA:104,0
DA:105,0
DA:106,0
DA:107,0
DA:110,0
DA:114,0
DA:115,0
DA:116,0
DA:117,0
DA:118,0
DA:121,0
DA:122,0
DA:125,0
DA:126,0
DA:127,0
DA:129,0
DA:136,0
DA:141,3980
DA:142,2
DA:143,2
DA:144,2
DA:145,0
DA:146,0
DA:148,2
DA:149,2
DA:150,2
DA:152,2
DA:153,2
DA:161,2
DA:162,1
DA:163,1
DA:164,1
DA:165,1
DA:166,1
DA:168,0
DA:171,1
DA:173,1
DA:174,1
DA:178,3980
DA:179,11
DA:182,3969
LF:99
LH:53
BRDA:32,0,0,3980
BRDA:32,0,1,0
BRDA:35,1,0,291
BRDA:35,1,1,3689
BRDA:39,2,0,0
BRDA:39,2,1,3980
BRDA:41,3,0,1766
BRDA:41,3,1,2214
BRDA:43,4,0,1766
BRDA:43,4,1,1475
BRDA:43,4,2,1475
BRDA:57,5,0,0
BRDA:57,5,1,0
BRDA:57,6,0,0
BRDA:57,6,1,0
BRDA:67,7,0,0
BRDA:67,7,1,0
BRDA:74,8,0,0
BRDA:74,8,1,0
BRDA:74,9,0,0
BRDA:74,9,1,0
BRDA:74,9,2,0
BRDA:80,10,0,0
BRDA:80,10,1,0
BRDA:85,11,0,0
BRDA:85,11,1,0
BRDA:99,12,0,0
BRDA:99,12,1,0
BRDA:105,13,0,0
BRDA:105,13,1,0
BRDA:107,14,0,0
BRDA:107,14,1,0
BRDA:115,15,0,0
BRDA:115,15,1,0
BRDA:115,16,0,0
BRDA:115,16,1,0
BRDA:115,16,2,0
BRDA:121,17,0,0
BRDA:121,17,1,0
BRDA:126,18,0,0
BRDA:126,18,1,0
BRDA:143,19,0,0
BRDA:143,19,1,2
BRDA:144,20,0,0
BRDA:144,20,1,2
BRDA:149,21,0,2
BRDA:149,21,1,0
BRDA:163,22,0,1
BRDA:163,22,1,0
BRDA:165,23,0,1
BRDA:165,23,1,0
BRDA:178,24,0,11
BRDA:178,24,1,3969
BRDA:183,25,0,0
BRDA:183,25,1,3969
BRDA:185,26,0,3969
BRDA:185,26,1,1763
BRDA:192,27,0,290
BRDA:192,27,1,1473
BRDA:204,28,0,290
BRDA:204,28,1,1473
BRDA:208,29,0,3969
BRDA:208,29,1,290
BRDA:232,30,0,0
BRDA:232,30,1,3969
BRDA:240,31,0,0
BRDA:240,31,1,3969
BRDA:241,32,0,0
BRDA:241,32,1,3969
BRF:69
BRH:28
end_of_record
TN:
SF:app/screens/Checklist/TaskForm.tsx
FN:23,TaskForm
FN:40,(anonymous_1)
FN:41,(anonymous_2)
FN:52,(anonymous_3)
FN:53,(anonymous_4)
FN:63,(anonymous_5)
FN:76,(anonymous_6)
FNF:7
FNH:7
FNDA:7,TaskForm
FNDA:1,(anonymous_1)
FNDA:1,(anonymous_2)
FNDA:1,(anonymous_3)
FNDA:1,(anonymous_4)
FNDA:3,(anonymous_5)
FNDA:2,(anonymous_6)
DA:24,7
DA:25,7
DA:27,7
DA:29,7
DA:30,7
DA:32,7
DA:33,7
DA:40,7
DA:41,1
DA:42,1
DA:43,1
DA:44,1
DA:48,1
DA:52,7
DA:53,1
DA:54,1
DA:55,1
DA:56,1
DA:57,1
DA:58,1
DA:63,7
DA:64,3
DA:65,3
DA:66,3
DA:67,1
DA:68,1
DA:71,2
DA:76,2
DA:85,2
DA:86,1
DA:87,1
DA:89,1
DA:90,1
DA:94,7
LF:34
LH:34
BRDA:25,0,0,7
BRDA:25,0,1,0
BRDA:29,1,0,7
BRDA:29,1,1,0
BRDA:42,2,0,0
BRDA:42,2,1,1
BRDA:54,3,0,0
BRDA:54,3,1,1
BRDA:56,4,0,1
BRDA:56,4,1,0
BRDA:57,5,0,1
BRDA:57,5,1,0
BRDA:66,6,0,1
BRDA:66,6,1,2
BRDA:77,7,0,2
BRDA:77,7,1,0
BRDA:78,8,0,2
BRDA:78,8,1,0
BRDA:79,9,0,2
BRDA:79,9,1,2
BRDA:80,10,0,2
BRDA:80,10,1,2
BRF:22
BRH:14
end_of_record
TN:
SF:src/context/appReducer.ts
FN:16,appReducer
FNF:1
FNH:1
FNDA:6,appReducer
DA:12,1
DA:17,6
DA:19,5
DA:24,1
LF:4
LH:4
BRDA:16,0,0,0
BRDA:17,1,0,5
BRDA:17,1,1,1
BRF:3
BRH:2
end_of_record
TN:
SF:src/data/categories.ts
FN:293,(anonymous_0)
FN:294,(anonymous_1)
FNF:2
FNH:2
FNDA:1,(anonymous_0)
FNDA:2,(anonymous_1)
DA:18,2
DA:293,2
DA:294,2
LF:3
LH:3
BRF:0
BRH:0
end_of_record
TN:
SF:src/storage/fileHelpers.ts
FN:14,savePhotoToAppDirectory
FNF:1
FNH:1
FNDA:7,savePhotoToAppDirectory
DA:7,1
DA:15,7
DA:16,7
DA:17,0
DA:18,0
DA:21,7
DA:22,0
DA:23,0
DA:27,7
DA:28,7
DA:29,0
DA:33,7
DA:34,7
DA:36,7
DA:37,7
DA:40,7
DA:43,7
DA:44,7
DA:45,1
DA:46,1
DA:50,6
DA:57,5
DA:58,5
DA:59,0
DA:61,5
DA:63,1
DA:64,1
LF:27
LH:21
BRDA:7,0,0,1
BRDA:7,0,1,0
BRDA:16,1,0,0
BRDA:16,1,1,7
BRDA:21,2,0,0
BRDA:21,2,1,7
BRDA:21,3,0,7
BRDA:21,3,1,7
BRDA:21,3,2,7
BRDA:28,4,0,0
BRDA:28,4,1,7
BRDA:33,5,0,7
BRDA:33,5,1,7
BRDA:33,5,2,0
BRDA:34,6,0,7
BRDA:34,6,1,7
BRDA:34,6,2,7
BRDA:34,6,3,0
BRDA:44,7,0,1
BRDA:44,7,1,6
BRDA:58,8,0,0
BRDA:58,8,1,5
BRF:22
BRH:15
end_of_record
TN:
SF:src/storage/storageHelpers.ts
FN:9,(anonymous_0)
FN:12,(anonymous_1)
FN:26,(anonymous_2)
FN:31,(anonymous_3)
FN:42,(anonymous_4)
FNF:5
FNH:5
FNDA:1,(anonymous_0)
FNDA:1,(anonymous_1)
FNDA:1,(anonymous_2)
FNDA:1,(anonymous_3)
FNDA:2,(anonymous_4)
DA:9,1
DA:10,1
DA:11,1
DA:12,1
DA:13,1
DA:15,1
DA:17,0
DA:26,1
DA:27,1
DA:28,1
DA:29,1
DA:31,1
DA:42,2
DA:50,0
DA:51,0
LF:15
LH:12
BRDA:40,0,0,1
BRDA:40,0,1,0
BRDA:41,1,0,1
BRDA:41,1,1,0
BRDA:45,2,0,2
BRDA:45,2,1,1
BRDA:46,3,0,2
BRDA:46,3,1,1
BRF:8
BRH:6
end_of_record
TN:
SF:src/styles/Checklist/TaskForm.styles.tsx
FNF:0
FNH:0
DA:3,2
LF:1
LH:1
BRF:0
BRH:0
end_of_record
TN:
SF:src/utils/pdfTemplate.ts
FN:8,prepareTasksWithBase64
FN:10,(anonymous_1)
FN:35,generateChecklistHTML
FN:43,(anonymous_3)
FN:48,(anonymous_4)
FN:51,(anonymous_5)
FNF:6
FNH:6
FNDA:1,prepareTasksWithBase64
FNDA:3,(anonymous_1)
FNDA:2,generateChecklistHTML
FNDA:3,(anonymous_3)
FNDA:4,(anonymous_4)
FNDA:4,(anonymous_5)
DA:9,1
DA:11,3
DA:12,3
DA:13,1
DA:14,2
DA:15,2
DA:18,2
DA:20,0
DA:24,3
DA:36,2
DA:43,3
DA:48,4
DA:51,4
LF:13
LH:12
BRDA:12,0,0,1
BRDA:12,0,1,2
BRDA:12,1,0,3
BRDA:12,1,1,2
BRDA:38,2,0,2
BRDA:38,2,1,1
BRDA:39,3,0,2
BRDA:39,3,1,1
BRDA:50,4,0,4
BRDA:50,4,1,0
BRDA:51,5,0,3
BRDA:51,5,1,1
BRDA:51,6,0,4
BRDA:51,6,1,4
BRDA:52,7,0,4
BRDA:52,7,1,1
BRF:16
BRH:15
end_of_record
