TN:
SF:app/screens/Checklist/CategoryCheckScreen.tsx
FN:8,(anonymous_0)
FN:9,(anonymous_1)
FN:15,CategoryCheckScreen
FN:21,(anonymous_3)
FN:39,(anonymous_4)
FN:40,(anonymous_5)
FNF:6
FNH:6
FNDA:42,(anonymous_0)
FNDA:1,(anonymous_1)
FNDA:6,CategoryCheckScreen
FNDA:1,(anonymous_3)
FNDA:48,(anonymous_4)
FNDA:42,(anonymous_5)
DA:7,1
DA:9,42
DA:16,6
DA:17,6
DA:18,6
DA:19,6
DA:20,6
DA:21,6
DA:23,1
DA:34,6
DA:39,48
DA:40,42
DA:47,1
LF:13
LH:13
BRDA:28,0,0,0
BRDA:28,0,1,1
BRDA:29,1,0,0
BRDA:29,1,1,1
BRF:4
BRH:2
end_of_record
TN:
SF:src/context/appReducer.ts
FN:16,appReducer
FNF:1
FNH:1
FNDA:6,appReducer
DA:12,1
DA:17,6
DA:19,5
DA:24,1
LF:4
LH:4
BRDA:16,0,0,0
BRDA:17,1,0,5
BRDA:17,1,1,1
BRF:3
BRH:2
end_of_record
TN:
SF:src/data/categories.ts
FN:277,(anonymous_0)
FN:278,(anonymous_1)
FNF:2
FNH:0
FNDA:0,(anonymous_0)
FNDA:0,(anonymous_1)
DA:8,1
DA:277,1
DA:278,0
LF:3
LH:2
BRF:0
BRH:0
end_of_record
TN:
SF:src/storage/fileHelpers.ts
FN:13,savePhotoToAppDirectory
FNF:1
FNH:1
FNDA:7,savePhotoToAppDirectory
DA:7,1
DA:14,7
DA:16,7
DA:17,7
DA:18,0
DA:22,7
DA:23,7
DA:25,7
DA:26,7
DA:29,7
DA:32,7
DA:33,7
DA:34,0
DA:35,0
DA:39,7
DA:46,7
DA:47,7
DA:48,7
DA:50,7
DA:52,0
DA:53,0
LF:21
LH:16
BRDA:17,0,0,0
BRDA:17,0,1,7
BRDA:22,1,0,7
BRDA:22,1,1,0
BRDA:23,2,0,7
BRDA:23,2,1,7
BRDA:23,2,2,7
BRDA:23,2,3,0
BRDA:33,3,0,0
BRDA:33,3,1,7
BRDA:47,4,0,7
BRDA:47,4,1,0
BRF:12
BRH:7
end_of_record
